#
# A fatal error has been detected by the Java Runtime Environment:
#
#  EXCEPTION_ACCESS_VIOLATION (0xc0000005) at pc=0x00007ffb217c6587, pid=21400, tid=18632
#
# JRE version: OpenJDK Runtime Environment (21.0.1+12) (build 21.0.1+12-LTS)
# Java VM: OpenJDK 64-Bit Server VM (21.0.1+12-LTS, mixed mode, tiered, compressed oops, compressed class ptrs, g1 gc, windows-amd64)
# Problematic frame:
# C  [glass.dll+0x26587]
#
# No core dump will be written. Minidumps are not enabled by default on client versions of Windows
#
# If you would like to submit a bug report, please visit:
#   https://bell-sw.com/support
#

---------------  S U M M A R Y ------------

Command Line: -Djbr.catch.SIGABRT=true -Djdk.attach.allowAttachSelf=true -Djdk.gtk.version=3 -Dsun.io.useCanonCaches=false --module-path=C:\Users\infinite\IdeaProjects\spoty\build\libs\spoty-1.0.0.jar;C:\Users\infinite\.gradle\caches\modules-2\files-2.1\org.xerial\sqlite-jdbc\3.43.2.1\81754f1e5dd36ca0218a465d4679ced5f5c4b89e\sqlite-jdbc-3.43.2.1.jar;C:\Users\infinite\.gradle\caches\modules-2\files-2.1\com.j256.ormlite\ormlite-jdbc\6.1\ef6752d1bb9d7443ccd24b2be7c72a42cfe00f98\ormlite-jdbc-6.1.jar;C:\Users\infinite\.gradle\caches\modules-2\files-2.1\org.jetbrains\annotations\24.0.1\13c5c75c4206580aa4d683bffee658caae6c9f43\annotations-24.0.1.jar;C:\Users\infinite\.gradle\caches\modules-2\files-2.1\io.github.palexdev\materialfx\11.16.1\e139f860fccc670a3533d56a494958472ac298e4\materialfx-11.16.1.jar;C:\Users\infinite\.gradle\caches\modules-2\files-2.1\org.kordamp.ikonli\ikonli-javafx\12.3.1\6df78c8f23f4509f88b8e05c32da64b7dc494356\ikonli-javafx-12.3.1.jar;C:\Users\infinite\.gradle\caches\modules-2\files-2.1\org.kordamp.ikonli\ikonli-fontawesome5-pack\12.3.1\ff0d7435a58fb4262abea6f586d4305aa2c1a3ac\ikonli-fontawesome5-pack-12.3.1.jar;C:\Users\infinite\.gradle\caches\modules-2\files-2.1\org.kordamp.ikonli\ikonli-core\12.3.1\50c5658c1a5aeeec30320c6be71274d01f5fb869\ikonli-core-12.3.1.jar;C:\Users\infinite\.gradle\caches\modules-2\files-2.1\jakarta.persistence\jakarta.persistence-api\3.1.0\66901fa1c373c6aff65c13791cc11da72060a8d6\jakarta.persistence-api-3.1.0.jar;C:\Users\infinite\.gradle\caches\modules-2\files-2.1\jakarta.enterprise\jakarta.enterprise.cdi-api\4.0.1\2012f388c6de83e29101cbf82c3ed2bd37931c64\jakarta.enterprise.cdi-api-4.0.1.jar;C:\Users\infinite\.gradle\caches\modules-2\files-2.1\fr.brouillard.oss\cssfx\11.5.1\6436a846013e688b5016bd7a9b1aea616b4a4adb\cssfx-11.5.1.jar;C:\Users\infinite\.gradle\caches\modules-2\files-2.1\io.github.palexdev\mfxcomponents\11.24.1\bd3813d17cec1832d3ac5bcd0a8f4e21e794fbaa\mfxcomponents-11.24.1.jar;C:\Users\infinite\.gradle\caches\modules-2\files-2.1\io.github.palexdev\virtualizedfx\11.9.6\981a0bb21718d6891e848bc2c9f46def1f9744fb\virtualizedfx-11.9.6.ja--patch-module=org.infinite.spoty=C:\Users\infinite\IdeaProjects\spoty\build\resources\main -XX:NewRatio=1 -XX:ReservedCodeCacheSize=512m -XX:+UseG1GC -XX:SoftRefLRUPolicyMSPerMB=50 -XX:CICompilerCount=2 -XX:+HeapDumpOnOutOfMemoryError -XX:ErrorFile=/home/infinite-dev/IdeaProjects/spoty/error%p.log -Xms256m -Xmx2G -Dfile.encoding=windows-1252 -Duser.country=US -Duser.language=en -Duser.variant -Djdk.module.main=org.infinite.spoty org.infinite.spoty/org.infinite.spoty.Main

Host: Intel(R) Core(TM) i5-4210U CPU @ 1.70GHz, 4 cores, 15G,  Windows 11 , 64 bit Build 23570 (10.0.23570.1000)
Time: Tue Oct 24 14:32:45 2023 E. Africa Standard Time elapsed time: 908.268649 seconds (0d 0h 15m 8s)

---------------  T H R E A D  ---------------

Current thread (0x0000017d8402f080):  VMThread "VM Thread"          [id=18632, stack(0x0000005529400000,0x0000005529500000) (1024K)]

Stack: [0x0000005529400000,0x0000005529500000],  sp=0x00000055294fee30,  free space=1019k
Native frames: (J=compiled Java code, j=interpreted, Vv=VM code, C=native code)
C  [glass.dll+0x26587]


siginfo: EXCEPTION_ACCESS_VIOLATION (0xc0000005), reading address 0x0000000000000000


Registers:
RAX=0x0000000000000000, RBX=0x0000017dfb80c86a, RCX=0x0000017d8402f080, RDX=0x00000055294fee30
RSP=0x00000055294fee30, RBP=0x0000017d843b6918, RSI=0x00000055294fef38, RDI=0x0000017d843b68f0
R8 =0x0000000000010002, R9 =0x0000017d843b68f0, R10=0x85f13e9656da4870, R11=0x00000055294fedc0
R12=0x00007ffb217c3ed0, R13=0x00007ffad6da44d0, R14=0x00009af22f22cdc1, R15=0x0000017d843b68f0
RIP=0x00007ffb217c6587, EFLAGS=0x0000000000010206


Register to memory mapping:

RAX=0x0 is null
RBX=0x0000017dfb80c86a is a global jni handle
RCX=0x0000017d8402f080 points into unknown readable memory: 0x00007ffad6b9add8 | d8 ad b9 d6 fa 7f 00 00
RDX=0x00000055294fee30 points into unknown readable memory: 0x0000000000000000 | 00 00 00 00 00 00 00 00
RSP=0x00000055294fee30 points into unknown readable memory: 0x0000000000000000 | 00 00 00 00 00 00 00 00
RBP=0x0000017d843b6918 points into unknown readable memory: 0x00009af22f22cdc1 | c1 cd 22 2f f2 9a 00 00
RSI=0x00000055294fef38 points into unknown readable memory: 0x00000055294fef20 | 20 ef 4f 29 55 00 00 00
RDI=0x0000017d843b68f0 points into unknown readable memory: 0x000065046ddabe11 | 11 be da 6d 04 65 00 00
R8 =0x0000000000010002 is an unknown value
R9 =0x0000017d843b68f0 points into unknown readable memory: 0x000065046ddabe11 | 11 be da 6d 04 65 00 00
R10=0x85f13e9656da4870 is an unknown value
R11=0x00000055294fedc0 points into unknown readable memory: 0x0000017d843b68f0 | f0 68 3b 84 7d 01 00 00
R12=0x00007ffb217c3ed0 glass.dll
R13=0x00007ffad6da44d0 jvm.dll
R14=0x00009af22f22cdc1 is an unknown value
R15=0x0000017d843b68f0 points into unknown readable memory: 0x000065046ddabe11 | 11 be da 6d 04 65 00 00

Top of Stack: (sp=0x00000055294fee30)
0x00000055294fee30:   0000000000000000 00000055294fef38
0x00000055294fee40:   00007ffad6da44d0 00007ffb217c3ed0
0x00000055294fee50:   0000017d843b68f8 00007ffb68db3a83
0x00000055294fee60:   0000017d843b68f0 0000017d00000000
0x00000055294fee70:   0000017d843b6918 00000055294fef38
0x00000055294fee80:   fffffffffffffffe 0000000000000000
0x00000055294fee90:   0000000000000001 00007ffb217a0000
0x00000055294feea0:   00000055294fef28 00007ffb68d8006e
0x00000055294feeb0:   0000000000000000 00000055294fef38
0x00000055294feec0:   00000055294ff220 0000000000000001
0x00000055294feed0:   0000000000000001 00007ffb68d7da1d
0x00000055294feee0:   0000000000000000 00007ffb217c36c9
0x00000055294feef0:   00007ffb63da5ed0 00000055294fef28
0x00000055294fef00:   fffffffffffffffe 00000055294feef0
0x00000055294fef10:   0000000000000000 00007ffb217c3d5d
0x00000055294fef20:   00007ffb217da008 00007ffb00000002
0x00000055294fef30:   0000000000000002 00000055294fef20
0x00000055294fef40:   0000000000000000 00007ffb6b2785f3
0x00000055294fef50:   0000000000000000 00007ffb217c3e82
0x00000055294fef60:   0000000000000001 0000000000000001
0x00000055294fef70:   0000000000000001 00007ffb67dd5277
0x00000055294fef80:   00007ffb67dd0000 00000055294ff220
0x00000055294fef90:   0000000000000001 00007ffb67dd0000
0x00000055294fefa0:   00007ffb217a0000 000000007ffe0384
0x00000055294fefb0:   0000000000000000 00007ffb6b27868f
0x00000055294fefc0:   00007ffb217a0000 0000000000000000
0x00000055294fefd0:   0000000000000001 000000007ffe0385
0x00000055294fefe0:   00007ffb6b387a20 00007ffb40a47db0
0x00000055294feff0:   0000a0581291cf00 00007ffb409c0000
0x00000055294ff000:   00007ffb217c3ed0 0000000000000000
0x00000055294ff010:   0000000000000000 0000005528863000
0x00000055294ff020:   0000017d84578970 00007ffb6b2a1096 

Instructions: (pc=0x00007ffb217c6587)
0x00007ffb217c6487:   8b 4d 58 e8 8d cf ff ff 48 8b 4d 60 e8 84 cf ff
0x00007ffb217c6497:   ff 48 8b 95 80 00 00 00 48 8b 8d 18 01 00 00 e8
0x00007ffb217c64a7:   76 c4 ff ff 33 d2 33 c9 e8 cc e1 ff ff 90 48 89
0x00007ffb217c64b7:   54 24 10 55 48 83 ec 20 48 8b ea 48 b8 00 00 00
0x00007ffb217c64c7:   00 00 00 00 00 48 83 c4 20 5d c3 cc 40 55 48 8b
0x00007ffb217c64d7:   ea 48 8b 01 33 c9 81 38 05 00 00 c0 0f 94 c1 8b
0x00007ffb217c64e7:   c1 5d c3 cc 40 55 48 83 ec 20 48 8b ea 8a 4d 40
0x00007ffb217c64f7:   48 83 c4 20 5d e9 73 d3 ff ff cc 40 55 48 83 ec
0x00007ffb217c6507:   20 48 8b ea 8a 4d 20 e8 61 d3 ff ff 90 48 83 c4
0x00007ffb217c6517:   20 5d c3 cc 40 55 48 83 ec 20 48 8b ea 48 83 c4
0x00007ffb217c6527:   20 5d e9 c2 d1 ff ff cc 40 55 48 83 ec 30 48 8b
0x00007ffb217c6537:   ea 48 8b 01 8b 10 48 89 4c 24 28 89 54 24 20 4c
0x00007ffb217c6547:   8d 0d 63 d6 ff ff 4c 8b 45 70 8b 55 68 48 8b 4d
0x00007ffb217c6557:   60 e8 03 d1 ff ff 90 48 83 c4 30 5d c3 cc cc cc
0x00007ffb217c6567:   cc cc cc cc cc cc cc cc cc 40 53 48 83 ec 20 48
0x00007ffb217c6577:   8b 1d 8b 34 01 00 48 85 db 74 16 e8 89 8f ff ff
0x00007ffb217c6587:   4c 8b 00 48 8b d3 48 8b c8 41 ff 90 b0 00 00 00
0x00007ffb217c6597:   90 48 83 c4 20 5b c3 cc cc 40 53 48 83 ec 20 48
0x00007ffb217c65a7:   8b 1d fb 35 01 00 48 85 db 74 57 b8 ff ff ff ff
0x00007ffb217c65b7:   f0 0f c1 43 10 83 f8 01 75 3d 48 85 db 74 38 48
0x00007ffb217c65c7:   8b 0b 48 85 c9 74 0d ff 15 d4 0c 00 00 48 c7 03
0x00007ffb217c65d7:   00 00 00 00 48 8b 4b 08 48 85 c9 74 0d e8 33 ce
0x00007ffb217c65e7:   ff ff 48 c7 43 08 00 00 00 00 ba 18 00 00 00 48
0x00007ffb217c65f7:   8b cb e8 1e ce ff ff 48 c7 05 9f 35 01 00 00 00
0x00007ffb217c6607:   00 00 48 83 c4 20 5b c3 cc 40 53 48 83 ec 20 48
0x00007ffb217c6617:   8b 1d 6b 35 01 00 48 85 db 74 57 b8 ff ff ff ff
0x00007ffb217c6627:   f0 0f c1 43 10 83 f8 01 75 3d 48 85 db 74 38 48
0x00007ffb217c6637:   8b 0b 48 85 c9 74 0d ff 15 64 0c 00 00 48 c7 03
0x00007ffb217c6647:   00 00 00 00 48 8b 4b 08 48 85 c9 74 0d e8 c3 cd
0x00007ffb217c6657:   ff ff 48 c7 43 08 00 00 00 00 ba 18 00 00 00 48
0x00007ffb217c6667:   8b cb e8 ae cd ff ff 48 c7 05 0f 35 01 00 00 00
0x00007ffb217c6677:   00 00 48 83 c4 20 5b c3 cc 40 53 48 83 ec 20 48 


Stack slot to memory mapping:

stack at sp + 0 slots: 0x0 is null
stack at sp + 1 slots: 0x00000055294fef38 points into unknown readable memory: 0x00000055294fef20 | 20 ef 4f 29 55 00 00 00
stack at sp + 2 slots: 0x00007ffad6da44d0 jvm.dll
stack at sp + 3 slots: 0x00007ffb217c3ed0 glass.dll
stack at sp + 4 slots: 0x0000017d843b68f8 points into unknown readable memory: 0x00009af22f22cdc1 | c1 cd 22 2f f2 9a 00 00
stack at sp + 5 slots: 0x00007ffb68db3a83 ucrtbase.dll
stack at sp + 6 slots: 0x0000017d843b68f0 points into unknown readable memory: 0x000065046ddabe11 | 11 be da 6d 04 65 00 00
stack at sp + 7 slots: 0x0000017d00000000 is an unknown value

VM_Operation (0x000000552a1f72d0): Exit, mode: safepoint, requested by thread 0x0000017d8457a050


---------------  P R O C E S S  ---------------

Threads class SMR info:
_java_thread_list=0x0000017dbb6b0670, length=20, elements={
0x0000017dce1e54b0, 0x0000017dfb80dfe0, 0x0000017d840d9b60, 0x0000017d840e44f0,
0x0000017d840c5ac0, 0x0000017d840c6520, 0x0000017d840c6f80, 0x0000017d840c7d10,
0x0000017d841015f0, 0x0000017d841a1080, 0x0000017d845af790, 0x0000017d843601d0,
0x0000017d8457a050, 0x0000017d846cb740, 0x0000017d84605900, 0x0000017d8c9f4370,
0x0000017d89962b70, 0x0000017d89964c40, 0x0000017d899652d0, 0x0000017d89967a30
}

Java Threads: ( => current thread )
  0x0000017dce1e54b0 JavaThread "main"                              [_thread_blocked, id=21480, stack(0x0000005528d00000,0x0000005528e00000) (1024K)]
  0x0000017dfb80dfe0 JavaThread "Reference Handler"          daemon [_thread_blocked, id=19828, stack(0x0000005529500000,0x0000005529600000) (1024K)]
  0x0000017d840d9b60 JavaThread "Finalizer"                  daemon [_thread_blocked, id=21272, stack(0x0000005529600000,0x0000005529700000) (1024K)]
  0x0000017d840e44f0 JavaThread "Signal Dispatcher"          daemon [_thread_blocked, id=16480, stack(0x0000005529700000,0x0000005529800000) (1024K)]
  0x0000017d840c5ac0 JavaThread "Attach Listener"            daemon [_thread_blocked, id=6492, stack(0x0000005529800000,0x0000005529900000) (1024K)]
  0x0000017d840c6520 JavaThread "Service Thread"             daemon [_thread_blocked, id=21320, stack(0x0000005529900000,0x0000005529a00000) (1024K)]
  0x0000017d840c6f80 JavaThread "Monitor Deflation Thread"   daemon [_thread_blocked, id=15708, stack(0x0000005529a00000,0x0000005529b00000) (1024K)]
  0x0000017d840c7d10 JavaThread "C2 CompilerThread0"         daemon [_thread_blocked, id=7420, stack(0x0000005529b00000,0x0000005529c00000) (1024K)]
  0x0000017d841015f0 JavaThread "C1 CompilerThread0"         daemon [_thread_blocked, id=19788, stack(0x0000005529c00000,0x0000005529d00000) (1024K)]
  0x0000017d841a1080 JavaThread "Common-Cleaner"             daemon [_thread_blocked, id=21416, stack(0x0000005529d00000,0x0000005529e00000) (1024K)]
  0x0000017d845af790 JavaThread "Notification Thread"        daemon [_thread_blocked, id=21452, stack(0x0000005529e00000,0x0000005529f00000) (1024K)]
  0x0000017d843601d0 JavaThread "InvokeLaterDispatcher"      daemon [_thread_blocked, id=820, stack(0x000000552a000000,0x000000552a100000) (1024K)]
  0x0000017d8457a050 JavaThread "JavaFX Application Thread"         [_thread_blocked, id=19204, stack(0x000000552a100000,0x000000552a200000) (1024K)]
  0x0000017d846cb740 JavaThread "Thread-1"                   daemon [_thread_in_native, id=20328, stack(0x000000552a500000,0x000000552a600000) (1024K)]
  0x0000017d84605900 JavaThread "JavaFX-Launcher"                   [_thread_blocked, id=10468, stack(0x000000552a600000,0x000000552a700000) (1024K)]
  0x0000017d8c9f4370 JavaThread "Prism Font Disposer"        daemon [_thread_blocked, id=19044, stack(0x000000552aa00000,0x000000552ab00000) (1024K)]
  0x0000017d89962b70 JavaThread "FileSystemWatchService"     daemon [_thread_in_native, id=18692, stack(0x000000552b200000,0x000000552b300000) (1024K)]
  0x0000017d89964c40 JavaThread "CSSFX-cleanup-detector"     daemon [_thread_blocked, id=7716, stack(0x000000552b300000,0x000000552b400000) (1024K)]
  0x0000017d899652d0 JavaThread "CSSFX-file-monitor"         daemon [_thread_blocked, id=20628, stack(0x000000552b400000,0x000000552b500000) (1024K)]
  0x0000017d89967a30 JavaThread "Cleaner-0"                  daemon [_thread_blocked, id=5228, stack(0x000000552b800000,0x000000552b900000) (1024K)]
Total: 20

Other Threads:
=>0x0000017d8402f080 VMThread "VM Thread"                           [id=18632, stack(0x0000005529400000,0x0000005529500000) (1024K)]
  0x0000017dce236510 WorkerThread "GC Thread#0"                     [id=20000, stack(0x0000005528e00000,0x0000005528f00000) (1024K)]
  0x0000017d896f94d0 WorkerThread "GC Thread#1"                     [id=13636, stack(0x000000552ab00000,0x000000552ac00000) (1024K)]
  0x0000017d89cb57d0 WorkerThread "GC Thread#2"                     [id=8884, stack(0x000000552ac00000,0x000000552ad00000) (1024K)]
  0x0000017d8a1b4ba0 WorkerThread "GC Thread#3"                     [id=20320, stack(0x000000552ad00000,0x000000552ae00000) (1024K)]
  0x0000017dce247390 ConcurrentGCThread "G1 Main Marker"            terminated
  0x0000017dce247ee0 WorkerThread "G1 Conc#0"                       [id=21124, stack(0x0000005529000000,0x0000005529100000) (1024K)]
  0x0000017dfb6b26f0 ConcurrentGCThread "G1 Refine#0"               terminated
  0x0000017dfb6b3100 ConcurrentGCThread "G1 Service"                terminated
Total: 9

Threads with active compile tasks:
Total: 0

VM state: at safepoint (shutting down)

VM Mutex/Monitor currently owned by a thread:  ([mutex/lock_event])
[0x00007ffad6d7ca78] Threads_lock - owner thread: 0x0000017d8402f080
[0x00007ffad6d7cb78] Heap_lock - owner thread: 0x0000017d8457a050

OutOfMemory and StackOverflow Exception counts:
StackOverflowErrors=3
LinkageErrors=91

Heap address: 0x0000000080000000, size: 2048 MB, Compressed Oops mode: 32-bit

CDS archive(s) not mapped
Compressed class space mapped at: 0x0000000100000000-0x0000000140000000, reserved size: 1073741824
Narrow klass base: 0x0000000000000000, Narrow klass shift: 3, Narrow klass range: 0x140000000

GC Precious Log:
 CardTable entry size: 512
 Card Set container configuration: InlinePtr #cards 5 size 8 Array Of Cards #cards 12 size 40 Howl #buckets 4 coarsen threshold 1843 Howl Bitmap #cards 512 size 80 coarsen threshold 460 Card regions per heap region 1 cards per card region 2048
 CPUs: 4 total, 4 available
 Memory: 16307M
 Large Page Support: Disabled
 NUMA Support: Disabled
 Compressed Oops: Enabled (32-bit)
 Heap Region Size: 1M
 Heap Min Capacity: 256M
 Heap Initial Capacity: 256M
 Heap Max Capacity: 2G
 Pre-touch: Disabled
 Parallel Workers: 4
 Concurrent Workers: 1
 Concurrent Refinement Workers: 4
 Periodic GC: Disabled

Heap:
 garbage-first heap   total 270336K, used 244224K [0x0000000080000000, 0x0000000100000000)
  region size 1024K, 126 young (129024K), 5 survivors (5120K)
 Metaspace       used 45426K, committed 45952K, reserved 1114112K
  class space    used 6124K, committed 6336K, reserved 1048576K

Heap Regions: E=young(eden), S=young(survivor), O=old, HS=humongous(starts), HC=humongous(continues), CS=collection set, F=free, TAMS=top-at-mark-start, PB=parsable bottom
|   0|0x0000000080000000, 0x0000000080100000, 0x0000000080100000|100%| O|  |TAMS 0x0000000080000000| PB 0x0000000080000000| Untracked 
|   1|0x0000000080100000, 0x0000000080200000, 0x0000000080200000|100%| O|  |TAMS 0x0000000080100000| PB 0x0000000080100000| Untracked 
|   2|0x0000000080200000, 0x0000000080300000, 0x0000000080300000|100%| O|  |TAMS 0x0000000080200000| PB 0x0000000080200000| Untracked 
|   3|0x0000000080300000, 0x0000000080400000, 0x0000000080400000|100%| O|  |TAMS 0x0000000080300000| PB 0x0000000080300000| Untracked 
|   4|0x0000000080400000, 0x0000000080500000, 0x0000000080500000|100%| O|  |TAMS 0x0000000080400000| PB 0x0000000080400000| Untracked 
|   5|0x0000000080500000, 0x0000000080600000, 0x0000000080600000|100%| O|  |TAMS 0x0000000080500000| PB 0x0000000080500000| Untracked 
|   6|0x0000000080600000, 0x0000000080700000, 0x0000000080700000|100%| O|  |TAMS 0x0000000080600000| PB 0x0000000080600000| Untracked 
|   7|0x0000000080700000, 0x0000000080800000, 0x0000000080800000|100%| O|  |TAMS 0x0000000080700000| PB 0x0000000080700000| Untracked 
|   8|0x0000000080800000, 0x0000000080900000, 0x0000000080900000|100%| O|  |TAMS 0x0000000080800000| PB 0x0000000080800000| Untracked 
|   9|0x0000000080900000, 0x0000000080a00000, 0x0000000080a00000|100%| O|  |TAMS 0x0000000080900000| PB 0x0000000080900000| Untracked 
|  10|0x0000000080a00000, 0x0000000080b00000, 0x0000000080b00000|100%| O|  |TAMS 0x0000000080a00000| PB 0x0000000080a00000| Untracked 
|  11|0x0000000080b00000, 0x0000000080c00000, 0x0000000080c00000|100%| O|  |TAMS 0x0000000080b00000| PB 0x0000000080b00000| Untracked 
|  12|0x0000000080c00000, 0x0000000080d00000, 0x0000000080d00000|100%| O|  |TAMS 0x0000000080c00000| PB 0x0000000080c00000| Untracked 
|  13|0x0000000080d00000, 0x0000000080e00000, 0x0000000080e00000|100%|HS|  |TAMS 0x0000000080d00000| PB 0x0000000080d00000| Complete 
|  14|0x0000000080e00000, 0x0000000080f00000, 0x0000000080f00000|100%|HC|  |TAMS 0x0000000080e00000| PB 0x0000000080e00000| Complete 
|  15|0x0000000080f00000, 0x0000000081000000, 0x0000000081000000|100%| O|  |TAMS 0x0000000080f00000| PB 0x0000000080f00000| Untracked 
|  16|0x0000000081000000, 0x0000000081100000, 0x0000000081100000|100%| O|  |TAMS 0x0000000081000000| PB 0x0000000081000000| Untracked 
|  17|0x0000000081100000, 0x0000000081200000, 0x0000000081200000|100%| O|  |TAMS 0x0000000081100000| PB 0x0000000081100000| Untracked 
|  18|0x0000000081200000, 0x0000000081300000, 0x0000000081300000|100%| O|  |TAMS 0x0000000081200000| PB 0x0000000081200000| Untracked 
|  19|0x0000000081300000, 0x0000000081400000, 0x0000000081400000|100%| O|  |TAMS 0x0000000081300000| PB 0x0000000081300000| Untracked 
|  20|0x0000000081400000, 0x0000000081500000, 0x0000000081500000|100%| O|  |TAMS 0x0000000081400000| PB 0x0000000081400000| Untracked 
|  21|0x0000000081500000, 0x0000000081600000, 0x0000000081600000|100%| O|  |TAMS 0x0000000081500000| PB 0x0000000081500000| Untracked 
|  22|0x0000000081600000, 0x0000000081700000, 0x0000000081700000|100%| O|  |TAMS 0x0000000081600000| PB 0x0000000081600000| Untracked 
|  23|0x0000000081700000, 0x0000000081800000, 0x0000000081800000|100%| O|  |TAMS 0x0000000081700000| PB 0x0000000081700000| Untracked 
|  24|0x0000000081800000, 0x0000000081900000, 0x0000000081900000|100%| O|  |TAMS 0x0000000081800000| PB 0x0000000081800000| Untracked 
|  25|0x0000000081900000, 0x0000000081a00000, 0x0000000081a00000|100%| O|  |TAMS 0x0000000081900000| PB 0x0000000081900000| Untracked 
|  26|0x0000000081a00000, 0x0000000081b00000, 0x0000000081b00000|100%| O|  |TAMS 0x0000000081a00000| PB 0x0000000081a00000| Untracked 
|  27|0x0000000081b00000, 0x0000000081c00000, 0x0000000081c00000|100%| O|  |TAMS 0x0000000081b00000| PB 0x0000000081b00000| Untracked 
|  28|0x0000000081c00000, 0x0000000081d00000, 0x0000000081d00000|100%| O|  |TAMS 0x0000000081c00000| PB 0x0000000081c00000| Untracked 
|  29|0x0000000081d00000, 0x0000000081e00000, 0x0000000081e00000|100%| O|  |TAMS 0x0000000081d00000| PB 0x0000000081d00000| Untracked 
|  30|0x0000000081e00000, 0x0000000081f00000, 0x0000000081f00000|100%| O|  |TAMS 0x0000000081e00000| PB 0x0000000081e00000| Untracked 
|  31|0x0000000081f00000, 0x0000000082000000, 0x0000000082000000|100%| O|  |TAMS 0x0000000081f00000| PB 0x0000000081f00000| Untracked 
|  32|0x0000000082000000, 0x0000000082100000, 0x0000000082100000|100%| O|  |TAMS 0x0000000082000000| PB 0x0000000082000000| Untracked 
|  33|0x0000000082100000, 0x0000000082200000, 0x0000000082200000|100%| O|  |TAMS 0x0000000082100000| PB 0x0000000082100000| Untracked 
|  34|0x0000000082200000, 0x0000000082300000, 0x0000000082300000|100%| O|  |TAMS 0x0000000082200000| PB 0x0000000082200000| Untracked 
|  35|0x0000000082300000, 0x0000000082400000, 0x0000000082400000|100%| O|  |TAMS 0x0000000082300000| PB 0x0000000082300000| Untracked 
|  36|0x0000000082400000, 0x0000000082500000, 0x0000000082500000|100%| O|  |TAMS 0x0000000082400000| PB 0x0000000082400000| Untracked 
|  37|0x0000000082500000, 0x0000000082600000, 0x0000000082600000|100%| O|  |TAMS 0x0000000082500000| PB 0x0000000082500000| Untracked 
|  38|0x0000000082600000, 0x0000000082700000, 0x0000000082700000|100%| O|  |TAMS 0x0000000082600000| PB 0x0000000082600000| Untracked 
|  39|0x0000000082700000, 0x0000000082800000, 0x0000000082800000|100%| O|  |TAMS 0x0000000082700000| PB 0x0000000082700000| Untracked 
|  40|0x0000000082800000, 0x0000000082900000, 0x0000000082900000|100%| O|  |TAMS 0x0000000082800000| PB 0x0000000082800000| Untracked 
|  41|0x0000000082900000, 0x0000000082a00000, 0x0000000082a00000|100%| O|  |TAMS 0x0000000082900000| PB 0x0000000082900000| Untracked 
|  42|0x0000000082a00000, 0x0000000082b00000, 0x0000000082b00000|100%| O|  |TAMS 0x0000000082a00000| PB 0x0000000082a00000| Untracked 
|  43|0x0000000082b00000, 0x0000000082c00000, 0x0000000082c00000|100%| O|  |TAMS 0x0000000082b00000| PB 0x0000000082b00000| Untracked 
|  44|0x0000000082c00000, 0x0000000082d00000, 0x0000000082d00000|100%| O|  |TAMS 0x0000000082c00000| PB 0x0000000082c00000| Untracked 
|  45|0x0000000082d00000, 0x0000000082e00000, 0x0000000082e00000|100%| O|  |TAMS 0x0000000082d00000| PB 0x0000000082d00000| Untracked 
|  46|0x0000000082e00000, 0x0000000082f00000, 0x0000000082f00000|100%| O|  |TAMS 0x0000000082e00000| PB 0x0000000082e00000| Untracked 
|  47|0x0000000082f00000, 0x0000000083000000, 0x0000000083000000|100%| O|  |TAMS 0x0000000082f00000| PB 0x0000000082f00000| Untracked 
|  48|0x0000000083000000, 0x0000000083100000, 0x0000000083100000|100%| O|  |TAMS 0x0000000083000000| PB 0x0000000083000000| Untracked 
|  49|0x0000000083100000, 0x0000000083200000, 0x0000000083200000|100%| O|  |TAMS 0x0000000083100000| PB 0x0000000083100000| Untracked 
|  50|0x0000000083200000, 0x0000000083300000, 0x0000000083300000|100%| O|  |TAMS 0x0000000083200000| PB 0x0000000083200000| Untracked 
|  51|0x0000000083300000, 0x0000000083400000, 0x0000000083400000|100%| O|  |TAMS 0x0000000083300000| PB 0x0000000083300000| Untracked 
|  52|0x0000000083400000, 0x0000000083500000, 0x0000000083500000|100%| O|  |TAMS 0x0000000083400000| PB 0x0000000083400000| Untracked 
|  53|0x0000000083500000, 0x0000000083600000, 0x0000000083600000|100%| O|  |TAMS 0x0000000083500000| PB 0x0000000083500000| Untracked 
|  54|0x0000000083600000, 0x0000000083700000, 0x0000000083700000|100%| O|  |TAMS 0x0000000083600000| PB 0x0000000083600000| Untracked 
|  55|0x0000000083700000, 0x0000000083800000, 0x0000000083800000|100%|HS|  |TAMS 0x0000000083700000| PB 0x0000000083700000| Complete 
|  56|0x0000000083800000, 0x0000000083900000, 0x0000000083900000|100%|HC|  |TAMS 0x0000000083800000| PB 0x0000000083800000| Complete 
|  57|0x0000000083900000, 0x0000000083a00000, 0x0000000083a00000|100%| O|  |TAMS 0x0000000083900000| PB 0x0000000083900000| Untracked 
|  58|0x0000000083a00000, 0x0000000083b00000, 0x0000000083b00000|100%| O|  |TAMS 0x0000000083a00000| PB 0x0000000083a00000| Untracked 
|  59|0x0000000083b00000, 0x0000000083c00000, 0x0000000083c00000|100%| O|  |TAMS 0x0000000083b00000| PB 0x0000000083b00000| Untracked 
|  60|0x0000000083c00000, 0x0000000083d00000, 0x0000000083d00000|100%| O|  |TAMS 0x0000000083c00000| PB 0x0000000083c00000| Untracked 
|  61|0x0000000083d00000, 0x0000000083e00000, 0x0000000083e00000|100%| O|  |TAMS 0x0000000083d00000| PB 0x0000000083d00000| Untracked 
|  62|0x0000000083e00000, 0x0000000083f00000, 0x0000000083f00000|100%| O|  |TAMS 0x0000000083e00000| PB 0x0000000083e00000| Untracked 
|  63|0x0000000083f00000, 0x0000000084000000, 0x0000000084000000|100%| O|  |TAMS 0x0000000083f00000| PB 0x0000000083f00000| Untracked 
|  64|0x0000000084000000, 0x0000000084100000, 0x0000000084100000|100%| O|  |TAMS 0x0000000084000000| PB 0x0000000084000000| Untracked 
|  65|0x0000000084100000, 0x0000000084200000, 0x0000000084200000|100%| O|  |TAMS 0x0000000084100000| PB 0x0000000084100000| Untracked 
|  66|0x0000000084200000, 0x0000000084300000, 0x0000000084300000|100%| O|  |TAMS 0x0000000084200000| PB 0x0000000084200000| Untracked 
|  67|0x0000000084300000, 0x0000000084400000, 0x0000000084400000|100%| O|  |TAMS 0x0000000084300000| PB 0x0000000084300000| Untracked 
|  68|0x0000000084400000, 0x0000000084500000, 0x0000000084500000|100%| O|  |TAMS 0x0000000084400000| PB 0x0000000084400000| Untracked 
|  69|0x0000000084500000, 0x0000000084600000, 0x0000000084600000|100%| O|  |TAMS 0x0000000084500000| PB 0x0000000084500000| Untracked 
|  70|0x0000000084600000, 0x0000000084700000, 0x0000000084700000|100%| O|  |TAMS 0x0000000084600000| PB 0x0000000084600000| Untracked 
|  71|0x0000000084700000, 0x0000000084800000, 0x0000000084800000|100%| O|  |TAMS 0x0000000084700000| PB 0x0000000084700000| Untracked 
|  72|0x0000000084800000, 0x0000000084900000, 0x0000000084900000|100%| O|  |TAMS 0x0000000084800000| PB 0x0000000084800000| Untracked 
|  73|0x0000000084900000, 0x0000000084a00000, 0x0000000084a00000|100%| O|  |TAMS 0x0000000084900000| PB 0x0000000084900000| Untracked 
|  74|0x0000000084a00000, 0x0000000084b00000, 0x0000000084b00000|100%| O|  |TAMS 0x0000000084a00000| PB 0x0000000084a00000| Untracked 
|  75|0x0000000084b00000, 0x0000000084c00000, 0x0000000084c00000|100%| O|  |TAMS 0x0000000084b00000| PB 0x0000000084b00000| Untracked 
|  76|0x0000000084c00000, 0x0000000084d00000, 0x0000000084d00000|100%| O|  |TAMS 0x0000000084c00000| PB 0x0000000084c00000| Untracked 
|  77|0x0000000084d00000, 0x0000000084e00000, 0x0000000084e00000|100%| O|  |TAMS 0x0000000084d00000| PB 0x0000000084d00000| Untracked 
|  78|0x0000000084e00000, 0x0000000084f00000, 0x0000000084f00000|100%| O|  |TAMS 0x0000000084e00000| PB 0x0000000084e00000| Untracked 
|  79|0x0000000084f00000, 0x0000000085000000, 0x0000000085000000|100%| O|  |TAMS 0x0000000084f00000| PB 0x0000000084f00000| Untracked 
|  80|0x0000000085000000, 0x0000000085100000, 0x0000000085100000|100%| O|  |TAMS 0x0000000085000000| PB 0x0000000085000000| Untracked 
|  81|0x0000000085100000, 0x0000000085200000, 0x0000000085200000|100%| O|  |TAMS 0x0000000085100000| PB 0x0000000085100000| Untracked 
|  82|0x0000000085200000, 0x0000000085300000, 0x0000000085300000|100%| O|  |TAMS 0x0000000085200000| PB 0x0000000085200000| Untracked 
|  83|0x0000000085300000, 0x0000000085400000, 0x0000000085400000|100%| O|  |TAMS 0x0000000085300000| PB 0x0000000085300000| Untracked 
|  84|0x0000000085400000, 0x0000000085500000, 0x0000000085500000|100%| O|  |TAMS 0x0000000085400000| PB 0x0000000085400000| Untracked 
|  85|0x0000000085500000, 0x0000000085600000, 0x0000000085600000|100%| O|  |TAMS 0x0000000085500000| PB 0x0000000085500000| Untracked 
|  86|0x0000000085600000, 0x0000000085700000, 0x0000000085700000|100%| O|  |TAMS 0x0000000085600000| PB 0x0000000085600000| Untracked 
|  87|0x0000000085700000, 0x0000000085800000, 0x0000000085800000|100%| O|  |TAMS 0x0000000085700000| PB 0x0000000085700000| Untracked 
|  88|0x0000000085800000, 0x0000000085900000, 0x0000000085900000|100%| O|  |TAMS 0x0000000085800000| PB 0x0000000085800000| Untracked 
|  89|0x0000000085900000, 0x0000000085a00000, 0x0000000085a00000|100%| O|  |TAMS 0x0000000085900000| PB 0x0000000085900000| Untracked 
|  90|0x0000000085a00000, 0x0000000085b00000, 0x0000000085b00000|100%| O|  |TAMS 0x0000000085a00000| PB 0x0000000085a00000| Untracked 
|  91|0x0000000085b00000, 0x0000000085c00000, 0x0000000085c00000|100%| O|  |TAMS 0x0000000085b00000| PB 0x0000000085b00000| Untracked 
|  92|0x0000000085c00000, 0x0000000085d00000, 0x0000000085d00000|100%| O|  |TAMS 0x0000000085c00000| PB 0x0000000085c00000| Untracked 
|  93|0x0000000085d00000, 0x0000000085e00000, 0x0000000085e00000|100%| O|  |TAMS 0x0000000085d00000| PB 0x0000000085d00000| Untracked 
|  94|0x0000000085e00000, 0x0000000085f00000, 0x0000000085f00000|100%| O|  |TAMS 0x0000000085e00000| PB 0x0000000085e00000| Untracked 
|  95|0x0000000085f00000, 0x0000000086000000, 0x0000000086000000|100%| O|  |TAMS 0x0000000085f00000| PB 0x0000000085f00000| Untracked 
|  96|0x0000000086000000, 0x0000000086100000, 0x0000000086100000|100%| O|  |TAMS 0x0000000086000000| PB 0x0000000086000000| Untracked 
|  97|0x0000000086100000, 0x0000000086200000, 0x0000000086200000|100%| O|  |TAMS 0x0000000086100000| PB 0x0000000086100000| Untracked 
|  98|0x0000000086200000, 0x0000000086300000, 0x0000000086300000|100%| O|  |TAMS 0x0000000086200000| PB 0x0000000086200000| Untracked 
|  99|0x0000000086300000, 0x0000000086400000, 0x0000000086400000|100%| O|  |TAMS 0x0000000086300000| PB 0x0000000086300000| Untracked 
| 100|0x0000000086400000, 0x0000000086500000, 0x0000000086500000|100%| O|  |TAMS 0x0000000086400000| PB 0x0000000086400000| Untracked 
| 101|0x0000000086500000, 0x0000000086600000, 0x0000000086600000|100%| O|  |TAMS 0x0000000086500000| PB 0x0000000086500000| Untracked 
| 102|0x0000000086600000, 0x0000000086700000, 0x0000000086700000|100%| O|  |TAMS 0x0000000086600000| PB 0x0000000086600000| Untracked 
| 103|0x0000000086700000, 0x0000000086800000, 0x0000000086800000|100%| O|  |TAMS 0x0000000086700000| PB 0x0000000086700000| Untracked 
| 104|0x0000000086800000, 0x0000000086900000, 0x0000000086900000|100%| O|  |TAMS 0x0000000086800000| PB 0x0000000086800000| Untracked 
| 105|0x0000000086900000, 0x0000000086a00000, 0x0000000086a00000|100%| O|  |TAMS 0x0000000086900000| PB 0x0000000086900000| Untracked 
| 106|0x0000000086a00000, 0x0000000086a00000, 0x0000000086b00000|  0%| F|  |TAMS 0x0000000086a00000| PB 0x0000000086a00000| Untracked 
| 107|0x0000000086b00000, 0x0000000086b00000, 0x0000000086c00000|  0%| F|  |TAMS 0x0000000086b00000| PB 0x0000000086b00000| Untracked 
| 108|0x0000000086c00000, 0x0000000086c00000, 0x0000000086d00000|  0%| F|  |TAMS 0x0000000086c00000| PB 0x0000000086c00000| Untracked 
| 109|0x0000000086d00000, 0x0000000086d00000, 0x0000000086e00000|  0%| F|  |TAMS 0x0000000086d00000| PB 0x0000000086d00000| Untracked 
| 110|0x0000000086e00000, 0x0000000086e00000, 0x0000000086f00000|  0%| F|  |TAMS 0x0000000086e00000| PB 0x0000000086e00000| Untracked 
| 111|0x0000000086f00000, 0x0000000086f00000, 0x0000000087000000|  0%| F|  |TAMS 0x0000000086f00000| PB 0x0000000086f00000| Untracked 
| 112|0x0000000087000000, 0x0000000087000000, 0x0000000087100000|  0%| F|  |TAMS 0x0000000087000000| PB 0x0000000087000000| Untracked 
| 113|0x0000000087100000, 0x0000000087100000, 0x0000000087200000|  0%| F|  |TAMS 0x0000000087100000| PB 0x0000000087100000| Untracked 
| 114|0x0000000087200000, 0x0000000087200000, 0x0000000087300000|  0%| F|  |TAMS 0x0000000087200000| PB 0x0000000087200000| Untracked 
| 115|0x0000000087300000, 0x0000000087300000, 0x0000000087400000|  0%| F|  |TAMS 0x0000000087300000| PB 0x0000000087300000| Untracked 
| 116|0x0000000087400000, 0x0000000087400000, 0x0000000087500000|  0%| F|  |TAMS 0x0000000087400000| PB 0x0000000087400000| Untracked 
| 117|0x0000000087500000, 0x0000000087500000, 0x0000000087600000|  0%| F|  |TAMS 0x0000000087500000| PB 0x0000000087500000| Untracked 
| 118|0x0000000087600000, 0x0000000087600000, 0x0000000087700000|  0%| F|  |TAMS 0x0000000087600000| PB 0x0000000087600000| Untracked 
| 119|0x0000000087700000, 0x0000000087780000, 0x0000000087800000| 50%| S|CS|TAMS 0x0000000087700000| PB 0x0000000087700000| Complete 
| 120|0x0000000087800000, 0x0000000087900000, 0x0000000087900000|100%| S|CS|TAMS 0x0000000087800000| PB 0x0000000087800000| Complete 
| 121|0x0000000087900000, 0x0000000087a00000, 0x0000000087a00000|100%| S|CS|TAMS 0x0000000087900000| PB 0x0000000087900000| Complete 
| 122|0x0000000087a00000, 0x0000000087b00000, 0x0000000087b00000|100%| S|CS|TAMS 0x0000000087a00000| PB 0x0000000087a00000| Complete 
| 123|0x0000000087b00000, 0x0000000087c00000, 0x0000000087c00000|100%| S|CS|TAMS 0x0000000087b00000| PB 0x0000000087b00000| Complete 
| 124|0x0000000087c00000, 0x0000000087c00000, 0x0000000087d00000|  0%| F|  |TAMS 0x0000000087c00000| PB 0x0000000087c00000| Untracked 
| 125|0x0000000087d00000, 0x0000000087d00000, 0x0000000087e00000|  0%| F|  |TAMS 0x0000000087d00000| PB 0x0000000087d00000| Untracked 
| 126|0x0000000087e00000, 0x0000000087e00000, 0x0000000087f00000|  0%| F|  |TAMS 0x0000000087e00000| PB 0x0000000087e00000| Untracked 
| 127|0x0000000087f00000, 0x0000000087f00000, 0x0000000088000000|  0%| F|  |TAMS 0x0000000087f00000| PB 0x0000000087f00000| Untracked 
| 128|0x0000000088000000, 0x0000000088000000, 0x0000000088100000|  0%| F|  |TAMS 0x0000000088000000| PB 0x0000000088000000| Untracked 
| 129|0x0000000088100000, 0x0000000088100000, 0x0000000088200000|  0%| F|  |TAMS 0x0000000088100000| PB 0x0000000088100000| Untracked 
| 130|0x0000000088200000, 0x0000000088200000, 0x0000000088300000|  0%| F|  |TAMS 0x0000000088200000| PB 0x0000000088200000| Untracked 
| 131|0x0000000088300000, 0x0000000088300000, 0x0000000088400000|  0%| F|  |TAMS 0x0000000088300000| PB 0x0000000088300000| Untracked 
| 132|0x0000000088400000, 0x0000000088400000, 0x0000000088500000|  0%| F|  |TAMS 0x0000000088400000| PB 0x0000000088400000| Untracked 
| 133|0x0000000088500000, 0x0000000088500000, 0x0000000088600000|  0%| F|  |TAMS 0x0000000088500000| PB 0x0000000088500000| Untracked 
| 134|0x0000000088600000, 0x0000000088600000, 0x0000000088700000|  0%| F|  |TAMS 0x0000000088600000| PB 0x0000000088600000| Untracked 
| 135|0x0000000088700000, 0x00000000887d9460, 0x0000000088800000| 84%| E|  |TAMS 0x0000000088700000| PB 0x0000000088700000| Complete 
| 136|0x0000000088800000, 0x0000000088900000, 0x0000000088900000|100%| E|CS|TAMS 0x0000000088800000| PB 0x0000000088800000| Complete 
| 137|0x0000000088900000, 0x0000000088a00000, 0x0000000088a00000|100%| E|CS|TAMS 0x0000000088900000| PB 0x0000000088900000| Complete 
| 138|0x0000000088a00000, 0x0000000088b00000, 0x0000000088b00000|100%| E|CS|TAMS 0x0000000088a00000| PB 0x0000000088a00000| Complete 
| 139|0x0000000088b00000, 0x0000000088c00000, 0x0000000088c00000|100%| E|CS|TAMS 0x0000000088b00000| PB 0x0000000088b00000| Complete 
| 140|0x0000000088c00000, 0x0000000088d00000, 0x0000000088d00000|100%| E|CS|TAMS 0x0000000088c00000| PB 0x0000000088c00000| Complete 
| 141|0x0000000088d00000, 0x0000000088e00000, 0x0000000088e00000|100%| E|CS|TAMS 0x0000000088d00000| PB 0x0000000088d00000| Complete 
| 142|0x0000000088e00000, 0x0000000088f00000, 0x0000000088f00000|100%| E|CS|TAMS 0x0000000088e00000| PB 0x0000000088e00000| Complete 
| 143|0x0000000088f00000, 0x0000000089000000, 0x0000000089000000|100%| E|CS|TAMS 0x0000000088f00000| PB 0x0000000088f00000| Complete 
| 144|0x0000000089000000, 0x0000000089100000, 0x0000000089100000|100%| E|CS|TAMS 0x0000000089000000| PB 0x0000000089000000| Complete 
| 145|0x0000000089100000, 0x0000000089200000, 0x0000000089200000|100%| E|CS|TAMS 0x0000000089100000| PB 0x0000000089100000| Complete 
| 146|0x0000000089200000, 0x0000000089300000, 0x0000000089300000|100%| E|CS|TAMS 0x0000000089200000| PB 0x0000000089200000| Complete 
| 147|0x0000000089300000, 0x0000000089400000, 0x0000000089400000|100%| E|CS|TAMS 0x0000000089300000| PB 0x0000000089300000| Complete 
| 148|0x0000000089400000, 0x0000000089500000, 0x0000000089500000|100%| E|CS|TAMS 0x0000000089400000| PB 0x0000000089400000| Complete 
| 149|0x0000000089500000, 0x0000000089600000, 0x0000000089600000|100%| E|CS|TAMS 0x0000000089500000| PB 0x0000000089500000| Complete 
| 150|0x0000000089600000, 0x0000000089700000, 0x0000000089700000|100%| E|CS|TAMS 0x0000000089600000| PB 0x0000000089600000| Complete 
| 151|0x0000000089700000, 0x0000000089800000, 0x0000000089800000|100%| E|CS|TAMS 0x0000000089700000| PB 0x0000000089700000| Complete 
| 152|0x0000000089800000, 0x0000000089900000, 0x0000000089900000|100%| E|CS|TAMS 0x0000000089800000| PB 0x0000000089800000| Complete 
| 153|0x0000000089900000, 0x0000000089a00000, 0x0000000089a00000|100%| E|CS|TAMS 0x0000000089900000| PB 0x0000000089900000| Complete 
| 154|0x0000000089a00000, 0x0000000089b00000, 0x0000000089b00000|100%| E|CS|TAMS 0x0000000089a00000| PB 0x0000000089a00000| Complete 
| 155|0x0000000089b00000, 0x0000000089c00000, 0x0000000089c00000|100%| E|CS|TAMS 0x0000000089b00000| PB 0x0000000089b00000| Complete 
| 156|0x0000000089c00000, 0x0000000089d00000, 0x0000000089d00000|100%| E|CS|TAMS 0x0000000089c00000| PB 0x0000000089c00000| Complete 
| 157|0x0000000089d00000, 0x0000000089e00000, 0x0000000089e00000|100%| E|CS|TAMS 0x0000000089d00000| PB 0x0000000089d00000| Complete 
| 158|0x0000000089e00000, 0x0000000089f00000, 0x0000000089f00000|100%| E|CS|TAMS 0x0000000089e00000| PB 0x0000000089e00000| Complete 
| 159|0x0000000089f00000, 0x000000008a000000, 0x000000008a000000|100%| E|CS|TAMS 0x0000000089f00000| PB 0x0000000089f00000| Complete 
| 160|0x000000008a000000, 0x000000008a100000, 0x000000008a100000|100%| E|CS|TAMS 0x000000008a000000| PB 0x000000008a000000| Complete 
| 161|0x000000008a100000, 0x000000008a200000, 0x000000008a200000|100%| E|CS|TAMS 0x000000008a100000| PB 0x000000008a100000| Complete 
| 162|0x000000008a200000, 0x000000008a300000, 0x000000008a300000|100%| E|CS|TAMS 0x000000008a200000| PB 0x000000008a200000| Complete 
| 163|0x000000008a300000, 0x000000008a400000, 0x000000008a400000|100%| E|CS|TAMS 0x000000008a300000| PB 0x000000008a300000| Complete 
| 164|0x000000008a400000, 0x000000008a500000, 0x000000008a500000|100%| E|CS|TAMS 0x000000008a400000| PB 0x000000008a400000| Complete 
| 165|0x000000008a500000, 0x000000008a600000, 0x000000008a600000|100%| E|CS|TAMS 0x000000008a500000| PB 0x000000008a500000| Complete 
| 166|0x000000008a600000, 0x000000008a700000, 0x000000008a700000|100%| E|CS|TAMS 0x000000008a600000| PB 0x000000008a600000| Complete 
| 167|0x000000008a700000, 0x000000008a800000, 0x000000008a800000|100%| E|CS|TAMS 0x000000008a700000| PB 0x000000008a700000| Complete 
| 168|0x000000008a800000, 0x000000008a900000, 0x000000008a900000|100%| E|CS|TAMS 0x000000008a800000| PB 0x000000008a800000| Complete 
| 169|0x000000008a900000, 0x000000008aa00000, 0x000000008aa00000|100%| E|CS|TAMS 0x000000008a900000| PB 0x000000008a900000| Complete 
| 170|0x000000008aa00000, 0x000000008ab00000, 0x000000008ab00000|100%| E|CS|TAMS 0x000000008aa00000| PB 0x000000008aa00000| Complete 
| 171|0x000000008ab00000, 0x000000008ac00000, 0x000000008ac00000|100%| E|CS|TAMS 0x000000008ab00000| PB 0x000000008ab00000| Complete 
| 172|0x000000008ac00000, 0x000000008ad00000, 0x000000008ad00000|100%| E|CS|TAMS 0x000000008ac00000| PB 0x000000008ac00000| Complete 
| 173|0x000000008ad00000, 0x000000008ae00000, 0x000000008ae00000|100%| E|CS|TAMS 0x000000008ad00000| PB 0x000000008ad00000| Complete 
| 174|0x000000008ae00000, 0x000000008af00000, 0x000000008af00000|100%| E|CS|TAMS 0x000000008ae00000| PB 0x000000008ae00000| Complete 
| 175|0x000000008af00000, 0x000000008b000000, 0x000000008b000000|100%| E|CS|TAMS 0x000000008af00000| PB 0x000000008af00000| Complete 
| 176|0x000000008b000000, 0x000000008b100000, 0x000000008b100000|100%| E|CS|TAMS 0x000000008b000000| PB 0x000000008b000000| Complete 
| 177|0x000000008b100000, 0x000000008b200000, 0x000000008b200000|100%| E|CS|TAMS 0x000000008b100000| PB 0x000000008b100000| Complete 
| 178|0x000000008b200000, 0x000000008b300000, 0x000000008b300000|100%| E|CS|TAMS 0x000000008b200000| PB 0x000000008b200000| Complete 
| 179|0x000000008b300000, 0x000000008b400000, 0x000000008b400000|100%| E|CS|TAMS 0x000000008b300000| PB 0x000000008b300000| Complete 
| 180|0x000000008b400000, 0x000000008b500000, 0x000000008b500000|100%| E|CS|TAMS 0x000000008b400000| PB 0x000000008b400000| Complete 
| 181|0x000000008b500000, 0x000000008b600000, 0x000000008b600000|100%| E|CS|TAMS 0x000000008b500000| PB 0x000000008b500000| Complete 
| 182|0x000000008b600000, 0x000000008b700000, 0x000000008b700000|100%| E|CS|TAMS 0x000000008b600000| PB 0x000000008b600000| Complete 
| 183|0x000000008b700000, 0x000000008b800000, 0x000000008b800000|100%| E|CS|TAMS 0x000000008b700000| PB 0x000000008b700000| Complete 
| 184|0x000000008b800000, 0x000000008b900000, 0x000000008b900000|100%| E|CS|TAMS 0x000000008b800000| PB 0x000000008b800000| Complete 
| 185|0x000000008b900000, 0x000000008ba00000, 0x000000008ba00000|100%| E|CS|TAMS 0x000000008b900000| PB 0x000000008b900000| Complete 
| 186|0x000000008ba00000, 0x000000008bb00000, 0x000000008bb00000|100%| E|CS|TAMS 0x000000008ba00000| PB 0x000000008ba00000| Complete 
| 187|0x000000008bb00000, 0x000000008bc00000, 0x000000008bc00000|100%| E|CS|TAMS 0x000000008bb00000| PB 0x000000008bb00000| Complete 
| 188|0x000000008bc00000, 0x000000008bd00000, 0x000000008bd00000|100%| E|CS|TAMS 0x000000008bc00000| PB 0x000000008bc00000| Complete 
| 189|0x000000008bd00000, 0x000000008be00000, 0x000000008be00000|100%| E|CS|TAMS 0x000000008bd00000| PB 0x000000008bd00000| Complete 
| 190|0x000000008be00000, 0x000000008bf00000, 0x000000008bf00000|100%| E|CS|TAMS 0x000000008be00000| PB 0x000000008be00000| Complete 
| 191|0x000000008bf00000, 0x000000008c000000, 0x000000008c000000|100%| E|CS|TAMS 0x000000008bf00000| PB 0x000000008bf00000| Complete 
| 192|0x000000008c000000, 0x000000008c100000, 0x000000008c100000|100%| E|CS|TAMS 0x000000008c000000| PB 0x000000008c000000| Complete 
| 193|0x000000008c100000, 0x000000008c200000, 0x000000008c200000|100%| E|CS|TAMS 0x000000008c100000| PB 0x000000008c100000| Complete 
| 194|0x000000008c200000, 0x000000008c300000, 0x000000008c300000|100%| E|CS|TAMS 0x000000008c200000| PB 0x000000008c200000| Complete 
| 195|0x000000008c300000, 0x000000008c400000, 0x000000008c400000|100%| E|CS|TAMS 0x000000008c300000| PB 0x000000008c300000| Complete 
| 196|0x000000008c400000, 0x000000008c500000, 0x000000008c500000|100%| E|CS|TAMS 0x000000008c400000| PB 0x000000008c400000| Complete 
| 197|0x000000008c500000, 0x000000008c600000, 0x000000008c600000|100%| E|CS|TAMS 0x000000008c500000| PB 0x000000008c500000| Complete 
| 198|0x000000008c600000, 0x000000008c700000, 0x000000008c700000|100%| E|CS|TAMS 0x000000008c600000| PB 0x000000008c600000| Complete 
| 199|0x000000008c700000, 0x000000008c800000, 0x000000008c800000|100%| E|CS|TAMS 0x000000008c700000| PB 0x000000008c700000| Complete 
| 200|0x000000008c800000, 0x000000008c900000, 0x000000008c900000|100%| E|CS|TAMS 0x000000008c800000| PB 0x000000008c800000| Complete 
| 201|0x000000008c900000, 0x000000008ca00000, 0x000000008ca00000|100%| E|CS|TAMS 0x000000008c900000| PB 0x000000008c900000| Complete 
| 202|0x000000008ca00000, 0x000000008cb00000, 0x000000008cb00000|100%| E|CS|TAMS 0x000000008ca00000| PB 0x000000008ca00000| Complete 
| 203|0x000000008cb00000, 0x000000008cc00000, 0x000000008cc00000|100%| E|CS|TAMS 0x000000008cb00000| PB 0x000000008cb00000| Complete 
| 204|0x000000008cc00000, 0x000000008cd00000, 0x000000008cd00000|100%| E|CS|TAMS 0x000000008cc00000| PB 0x000000008cc00000| Complete 
| 205|0x000000008cd00000, 0x000000008ce00000, 0x000000008ce00000|100%| E|CS|TAMS 0x000000008cd00000| PB 0x000000008cd00000| Complete 
| 206|0x000000008ce00000, 0x000000008cf00000, 0x000000008cf00000|100%| E|CS|TAMS 0x000000008ce00000| PB 0x000000008ce00000| Complete 
| 207|0x000000008cf00000, 0x000000008d000000, 0x000000008d000000|100%| E|CS|TAMS 0x000000008cf00000| PB 0x000000008cf00000| Complete 
| 208|0x000000008d000000, 0x000000008d100000, 0x000000008d100000|100%| E|CS|TAMS 0x000000008d000000| PB 0x000000008d000000| Complete 
| 209|0x000000008d100000, 0x000000008d200000, 0x000000008d200000|100%| E|CS|TAMS 0x000000008d100000| PB 0x000000008d100000| Complete 
| 210|0x000000008d200000, 0x000000008d300000, 0x000000008d300000|100%| E|CS|TAMS 0x000000008d200000| PB 0x000000008d200000| Complete 
| 211|0x000000008d300000, 0x000000008d400000, 0x000000008d400000|100%| E|CS|TAMS 0x000000008d300000| PB 0x000000008d300000| Complete 
| 212|0x000000008d400000, 0x000000008d500000, 0x000000008d500000|100%| E|CS|TAMS 0x000000008d400000| PB 0x000000008d400000| Complete 
| 213|0x000000008d500000, 0x000000008d600000, 0x000000008d600000|100%| E|CS|TAMS 0x000000008d500000| PB 0x000000008d500000| Complete 
| 214|0x000000008d600000, 0x000000008d700000, 0x000000008d700000|100%| E|CS|TAMS 0x000000008d600000| PB 0x000000008d600000| Complete 
| 215|0x000000008d700000, 0x000000008d800000, 0x000000008d800000|100%| E|CS|TAMS 0x000000008d700000| PB 0x000000008d700000| Complete 
| 216|0x000000008d800000, 0x000000008d900000, 0x000000008d900000|100%| E|CS|TAMS 0x000000008d800000| PB 0x000000008d800000| Complete 
| 217|0x000000008d900000, 0x000000008da00000, 0x000000008da00000|100%| E|CS|TAMS 0x000000008d900000| PB 0x000000008d900000| Complete 
| 218|0x000000008da00000, 0x000000008db00000, 0x000000008db00000|100%| E|CS|TAMS 0x000000008da00000| PB 0x000000008da00000| Complete 
| 219|0x000000008db00000, 0x000000008dc00000, 0x000000008dc00000|100%| E|CS|TAMS 0x000000008db00000| PB 0x000000008db00000| Complete 
| 220|0x000000008dc00000, 0x000000008dd00000, 0x000000008dd00000|100%| E|CS|TAMS 0x000000008dc00000| PB 0x000000008dc00000| Complete 
| 221|0x000000008dd00000, 0x000000008de00000, 0x000000008de00000|100%| E|CS|TAMS 0x000000008dd00000| PB 0x000000008dd00000| Complete 
| 222|0x000000008de00000, 0x000000008df00000, 0x000000008df00000|100%| E|CS|TAMS 0x000000008de00000| PB 0x000000008de00000| Complete 
| 223|0x000000008df00000, 0x000000008e000000, 0x000000008e000000|100%| E|CS|TAMS 0x000000008df00000| PB 0x000000008df00000| Complete 
| 224|0x000000008e000000, 0x000000008e100000, 0x000000008e100000|100%| E|CS|TAMS 0x000000008e000000| PB 0x000000008e000000| Complete 
| 225|0x000000008e100000, 0x000000008e200000, 0x000000008e200000|100%| E|CS|TAMS 0x000000008e100000| PB 0x000000008e100000| Complete 
| 226|0x000000008e200000, 0x000000008e300000, 0x000000008e300000|100%| E|CS|TAMS 0x000000008e200000| PB 0x000000008e200000| Complete 
| 227|0x000000008e300000, 0x000000008e400000, 0x000000008e400000|100%| E|CS|TAMS 0x000000008e300000| PB 0x000000008e300000| Complete 
| 228|0x000000008e400000, 0x000000008e500000, 0x000000008e500000|100%| E|CS|TAMS 0x000000008e400000| PB 0x000000008e400000| Complete 
| 229|0x000000008e500000, 0x000000008e600000, 0x000000008e600000|100%| E|CS|TAMS 0x000000008e500000| PB 0x000000008e500000| Complete 
| 230|0x000000008e600000, 0x000000008e700000, 0x000000008e700000|100%| E|CS|TAMS 0x000000008e600000| PB 0x000000008e600000| Complete 
| 231|0x000000008e700000, 0x000000008e800000, 0x000000008e800000|100%| E|CS|TAMS 0x000000008e700000| PB 0x000000008e700000| Complete 
| 232|0x000000008e800000, 0x000000008e900000, 0x000000008e900000|100%| E|CS|TAMS 0x000000008e800000| PB 0x000000008e800000| Complete 
| 233|0x000000008e900000, 0x000000008ea00000, 0x000000008ea00000|100%| E|CS|TAMS 0x000000008e900000| PB 0x000000008e900000| Complete 
| 234|0x000000008ea00000, 0x000000008eb00000, 0x000000008eb00000|100%| E|CS|TAMS 0x000000008ea00000| PB 0x000000008ea00000| Complete 
| 235|0x000000008eb00000, 0x000000008ec00000, 0x000000008ec00000|100%| E|CS|TAMS 0x000000008eb00000| PB 0x000000008eb00000| Complete 
| 236|0x000000008ec00000, 0x000000008ed00000, 0x000000008ed00000|100%| E|CS|TAMS 0x000000008ec00000| PB 0x000000008ec00000| Complete 
| 237|0x000000008ed00000, 0x000000008ee00000, 0x000000008ee00000|100%| E|CS|TAMS 0x000000008ed00000| PB 0x000000008ed00000| Complete 
| 238|0x000000008ee00000, 0x000000008ef00000, 0x000000008ef00000|100%| E|CS|TAMS 0x000000008ee00000| PB 0x000000008ee00000| Complete 
| 239|0x000000008ef00000, 0x000000008f000000, 0x000000008f000000|100%| E|CS|TAMS 0x000000008ef00000| PB 0x000000008ef00000| Complete 
| 240|0x000000008f000000, 0x000000008f100000, 0x000000008f100000|100%| E|CS|TAMS 0x000000008f000000| PB 0x000000008f000000| Complete 
| 241|0x000000008f100000, 0x000000008f200000, 0x000000008f200000|100%| E|CS|TAMS 0x000000008f100000| PB 0x000000008f100000| Complete 
| 242|0x000000008f200000, 0x000000008f300000, 0x000000008f300000|100%| E|CS|TAMS 0x000000008f200000| PB 0x000000008f200000| Complete 
| 243|0x000000008f300000, 0x000000008f400000, 0x000000008f400000|100%| E|CS|TAMS 0x000000008f300000| PB 0x000000008f300000| Complete 
| 244|0x000000008f400000, 0x000000008f500000, 0x000000008f500000|100%| E|CS|TAMS 0x000000008f400000| PB 0x000000008f400000| Complete 
| 245|0x000000008f500000, 0x000000008f600000, 0x000000008f600000|100%| E|CS|TAMS 0x000000008f500000| PB 0x000000008f500000| Complete 
| 246|0x000000008f600000, 0x000000008f700000, 0x000000008f700000|100%| E|CS|TAMS 0x000000008f600000| PB 0x000000008f600000| Complete 
| 358|0x0000000096600000, 0x0000000096700000, 0x0000000096700000|100%| E|CS|TAMS 0x0000000096600000| PB 0x0000000096600000| Complete 
| 359|0x0000000096700000, 0x0000000096800000, 0x0000000096800000|100%| E|CS|TAMS 0x0000000096700000| PB 0x0000000096700000| Complete 
| 360|0x0000000096800000, 0x0000000096900000, 0x0000000096900000|100%| E|CS|TAMS 0x0000000096800000| PB 0x0000000096800000| Complete 
| 361|0x0000000096900000, 0x0000000096a00000, 0x0000000096a00000|100%| E|CS|TAMS 0x0000000096900000| PB 0x0000000096900000| Complete 
| 362|0x0000000096a00000, 0x0000000096b00000, 0x0000000096b00000|100%| E|CS|TAMS 0x0000000096a00000| PB 0x0000000096a00000| Complete 
| 370|0x0000000097200000, 0x0000000097300000, 0x0000000097300000|100%| E|CS|TAMS 0x0000000097200000| PB 0x0000000097200000| Complete 
| 371|0x0000000097300000, 0x0000000097400000, 0x0000000097400000|100%| E|CS|TAMS 0x0000000097300000| PB 0x0000000097300000| Complete 
| 372|0x0000000097400000, 0x0000000097500000, 0x0000000097500000|100%| E|CS|TAMS 0x0000000097400000| PB 0x0000000097400000| Complete 
| 373|0x0000000097500000, 0x0000000097600000, 0x0000000097600000|100%| E|CS|TAMS 0x0000000097500000| PB 0x0000000097500000| Complete 
|2040|0x00000000ff800000, 0x00000000ff900000, 0x00000000ff900000|100%| O|  |TAMS 0x00000000ff800000| PB 0x00000000ff800000| Untracked 
|2041|0x00000000ff900000, 0x00000000ffa00000, 0x00000000ffa00000|100%| O|  |TAMS 0x00000000ff900000| PB 0x00000000ff900000| Untracked 
|2042|0x00000000ffa00000, 0x00000000ffb00000, 0x00000000ffb00000|100%| O|  |TAMS 0x00000000ffa00000| PB 0x00000000ffa00000| Untracked 
|2043|0x00000000ffb00000, 0x00000000ffc00000, 0x00000000ffc00000|100%| O|  |TAMS 0x00000000ffb00000| PB 0x00000000ffb00000| Untracked 
|2044|0x00000000ffc00000, 0x00000000ffd00000, 0x00000000ffd00000|100%| O|  |TAMS 0x00000000ffc00000| PB 0x00000000ffc00000| Untracked 
|2045|0x00000000ffd00000, 0x00000000ffe00000, 0x00000000ffe00000|100%| O|  |TAMS 0x00000000ffd00000| PB 0x00000000ffd00000| Untracked 
|2046|0x00000000ffe00000, 0x00000000fff00000, 0x00000000fff00000|100%| O|  |TAMS 0x00000000ffe00000| PB 0x00000000ffe00000| Untracked 
|2047|0x00000000fff00000, 0x0000000100000000, 0x0000000100000000|100%| O|  |TAMS 0x00000000fff00000| PB 0x00000000fff00000| Untracked 

Card table byte_map: [0x0000017df6dc0000,0x0000017df71c0000] _byte_map_base: 0x0000017df69c0000

Marking Bits: (CMBitMap*) 0x0000017dce236ab0
 Bits: [0x0000017df71c0000, 0x0000017df91c0000)

Polling page: 0x0000017dcbfd0000

Metaspace:

Usage:
  Non-class:     38.38 MB used.
      Class:      5.98 MB used.
       Both:     44.36 MB used.

Virtual space:
  Non-class space:       64.00 MB reserved,      38.69 MB ( 60%) committed,  1 nodes.
      Class space:        1.00 GB reserved,       6.19 MB ( <1%) committed,  1 nodes.
             Both:        1.06 GB reserved,      44.88 MB (  4%) committed. 

Chunk freelists:
   Non-Class:  9.28 MB
       Class:  9.73 MB
        Both:  19.01 MB

MaxMetaspaceSize: unlimited
CompressedClassSpaceSize: 1.00 GB
Initial GC threshold: 21.00 MB
Current GC threshold: 59.31 MB
CDS: off
 - commit_granule_bytes: 65536.
 - commit_granule_words: 8192.
 - virtual_space_node_default_size: 8388608.
 - enlarge_chunks_in_place: 1.
 - use_allocation_guard: 0.


Internal statistics:

num_allocs_failed_limit: 6.
num_arena_births: 640.
num_arena_deaths: 0.
num_vsnodes_births: 2.
num_vsnodes_deaths: 0.
num_space_committed: 717.
num_space_uncommitted: 0.
num_chunks_returned_to_freelist: 6.
num_chunks_taken_from_freelist: 1992.
num_chunk_merges: 6.
num_chunk_splits: 1318.
num_chunks_enlarged: 950.
num_inconsistent_stats: 0.

CodeHeap 'non-profiled nmethods': size=259328Kb used=10532Kb max_used=10532Kb free=248795Kb
 bounds [0x0000017de6b70000, 0x0000017de75c0000, 0x0000017df68b0000]
CodeHeap 'profiled nmethods': size=259264Kb used=25626Kb max_used=25626Kb free=233637Kb
 bounds [0x0000017dd68b0000, 0x0000017dd81c0000, 0x0000017de65e0000]
CodeHeap 'non-nmethods': size=5696Kb used=1929Kb max_used=1994Kb free=3766Kb
 bounds [0x0000017de65e0000, 0x0000017de6850000, 0x0000017de6b70000]
 total_blobs=12379 nmethods=11458 adapters=824
 compilation: enabled
              stopped_count=0, restarted_count=0
 full_count=0

Compilation events (20 events):
Event: 905.638 Thread 0x0000017d841015f0 11819  s    3       com.sun.javafx.font.PrismFontStrike::clearDesc (18 bytes)
Event: 905.639 Thread 0x0000017d841015f0 nmethod 11819 0x0000017dd81b2f90 code [0x0000017dd81b3140, 0x0000017dd81b3468]
Event: 905.765 Thread 0x0000017d840c7d10 11820       4       java.security.AccessController::doPrivileged (9 bytes)
Event: 905.766 Thread 0x0000017d840c7d10 nmethod 11820 0x0000017de75b8510 code [0x0000017de75b86a0, 0x0000017de75b8760]
Event: 905.769 Thread 0x0000017d840c7d10 11821       4       java.io.File::isInvalid (47 bytes)
Event: 905.773 Thread 0x0000017d840c7d10 nmethod 11821 0x0000017de75b8890 code [0x0000017de75b8a40, 0x0000017de75b8d60]
Event: 905.798 Thread 0x0000017d841015f0 11822  s    3       com.sun.javafx.font.directwrite.DWFontFile::disposeOnShutdown (90 bytes)
Event: 905.798 Thread 0x0000017d841015f0 nmethod 11822 0x0000017dd81b3590 code [0x0000017dd81b3780, 0x0000017dd81b3b80]
Event: 905.798 Thread 0x0000017d841015f0 11823  s    3       com.sun.javafx.font.PrismFontFile::disposeOnShutdown (46 bytes)
Event: 905.799 Thread 0x0000017d841015f0 nmethod 11823 0x0000017dd81b3d10 code [0x0000017dd81b3f60, 0x0000017dd81b4910]
Event: 905.822 Thread 0x0000017d841015f0 11824       3       com.sun.javafx.font.PrismFontFile$$Lambda/0x0000000100646cb8::run (8 bytes)
Event: 905.823 Thread 0x0000017d841015f0 nmethod 11824 0x0000017dd81b4c90 code [0x0000017dd81b4e40, 0x0000017dd81b4f80]
Event: 905.823 Thread 0x0000017d841015f0 11825   !   3       com.sun.javafx.font.PrismFontFile::lambda$disposeOnShutdown$0 (65 bytes)
Event: 905.824 Thread 0x0000017d841015f0 nmethod 11825 0x0000017dd81b5090 code [0x0000017dd81b52c0, 0x0000017dd81b58e8]
Event: 905.824 Thread 0x0000017d841015f0 11826       3       com.sun.javafx.font.PrismFontFile::decFileRefCount (17 bytes)
Event: 905.824 Thread 0x0000017d841015f0 nmethod 11826 0x0000017dd81b5b10 code [0x0000017dd81b5cc0, 0x0000017dd81b5e68]
Event: 905.883 Thread 0x0000017d841015f0 11827  s    3       com.sun.javafx.font.directwrite.DWDisposer::dispose (45 bytes)
Event: 905.884 Thread 0x0000017d841015f0 nmethod 11827 0x0000017dd81b5f10 code [0x0000017dd81b60c0, 0x0000017dd81b63c8]
Event: 905.907 Thread 0x0000017d841015f0 11828   !   3       java.io.WinNTFileSystem::delete (27 bytes)
Event: 905.907 Thread 0x0000017d841015f0 nmethod 11828 0x0000017dd81b6510 code [0x0000017dd81b66e0, 0x0000017dd81b6900]

GC Heap History (20 events):
Event: 40.099 GC heap before
{Heap before GC invocations=13 (full 0):
 garbage-first heap   total 315392K, used 192512K [0x0000000080000000, 0x0000000100000000)
  region size 1024K, 154 young (157696K), 14 survivors (14336K)
 Metaspace       used 34066K, committed 34368K, reserved 1114112K
  class space    used 4413K, committed 4544K, reserved 1048576K
}
Event: 40.120 GC heap after
{Heap after GC invocations=14 (full 0):
 garbage-first heap   total 315392K, used 54849K [0x0000000080000000, 0x0000000100000000)
  region size 1024K, 13 young (13312K), 13 survivors (13312K)
 Metaspace       used 34066K, committed 34368K, reserved 1114112K
  class space    used 4413K, committed 4544K, reserved 1048576K
}
Event: 40.520 GC heap before
{Heap before GC invocations=14 (full 0):
 garbage-first heap   total 315392K, used 199233K [0x0000000080000000, 0x0000000100000000)
  region size 1024K, 154 young (157696K), 13 survivors (13312K)
 Metaspace       used 34114K, committed 34496K, reserved 1114112K
  class space    used 4418K, committed 4544K, reserved 1048576K
}
Event: 40.534 GC heap after
{Heap after GC invocations=15 (full 0):
 garbage-first heap   total 382976K, used 62976K [0x0000000080000000, 0x0000000100000000)
  region size 1024K, 18 young (18432K), 18 survivors (18432K)
 Metaspace       used 34114K, committed 34496K, reserved 1114112K
  class space    used 4418K, committed 4544K, reserved 1048576K
}
Event: 41.326 GC heap before
{Heap before GC invocations=15 (full 0):
 garbage-first heap   total 382976K, used 236032K [0x0000000080000000, 0x0000000100000000)
  region size 1024K, 187 young (191488K), 18 survivors (18432K)
 Metaspace       used 34513K, committed 34944K, reserved 1114112K
  class space    used 4508K, committed 4672K, reserved 1048576K
}
Event: 41.350 GC heap after
{Heap after GC invocations=16 (full 0):
 garbage-first heap   total 382976K, used 71041K [0x0000000080000000, 0x0000000100000000)
  region size 1024K, 16 young (16384K), 16 survivors (16384K)
 Metaspace       used 34513K, committed 34944K, reserved 1114112K
  class space    used 4508K, committed 4672K, reserved 1048576K
}
Event: 42.458 GC heap before
{Heap before GC invocations=16 (full 0):
 garbage-first heap   total 382976K, used 246145K [0x0000000080000000, 0x0000000100000000)
  region size 1024K, 187 young (191488K), 16 survivors (16384K)
 Metaspace       used 34677K, committed 35072K, reserved 1114112K
  class space    used 4532K, committed 4672K, reserved 1048576K
}
Event: 42.465 GC heap after
{Heap after GC invocations=17 (full 0):
 garbage-first heap   total 382976K, used 60416K [0x0000000080000000, 0x0000000100000000)
  region size 1024K, 4 young (4096K), 4 survivors (4096K)
 Metaspace       used 34677K, committed 35072K, reserved 1114112K
  class space    used 4532K, committed 4672K, reserved 1048576K
}
Event: 43.141 GC heap before
{Heap before GC invocations=17 (full 0):
 garbage-first heap   total 382976K, used 69632K [0x0000000080000000, 0x0000000100000000)
  region size 1024K, 15 young (15360K), 4 survivors (4096K)
 Metaspace       used 35690K, committed 36096K, reserved 1114112K
  class space    used 4731K, committed 4864K, reserved 1048576K
}
Event: 43.150 GC heap after
{Heap after GC invocations=18 (full 0):
 garbage-first heap   total 382976K, used 61037K [0x0000000080000000, 0x0000000100000000)
  region size 1024K, 5 young (5120K), 5 survivors (5120K)
 Metaspace       used 35690K, committed 36096K, reserved 1114112K
  class space    used 4731K, committed 4864K, reserved 1048576K
}
Event: 48.027 GC heap before
{Heap before GC invocations=19 (full 0):
 garbage-first heap   total 262144K, used 225901K [0x0000000080000000, 0x0000000100000000)
  region size 1024K, 187 young (191488K), 5 survivors (5120K)
 Metaspace       used 39713K, committed 40256K, reserved 1114112K
  class space    used 5255K, committed 5504K, reserved 1048576K
}
Event: 48.101 GC heap after
{Heap after GC invocations=20 (full 0):
 garbage-first heap   total 270336K, used 74694K [0x0000000080000000, 0x0000000100000000)
  region size 1024K, 24 young (24576K), 24 survivors (24576K)
 Metaspace       used 39713K, committed 40256K, reserved 1114112K
  class space    used 5255K, committed 5504K, reserved 1048576K
}
Event: 53.730 GC heap before
{Heap before GC invocations=20 (full 0):
 garbage-first heap   total 270336K, used 185286K [0x0000000080000000, 0x0000000100000000)
  region size 1024K, 132 young (135168K), 24 survivors (24576K)
 Metaspace       used 40806K, committed 41280K, reserved 1114112K
  class space    used 5544K, committed 5760K, reserved 1048576K
}
Event: 53.782 GC heap after
{Heap after GC invocations=21 (full 0):
 garbage-first heap   total 270336K, used 83968K [0x0000000080000000, 0x0000000100000000)
  region size 1024K, 12 young (12288K), 12 survivors (12288K)
 Metaspace       used 40806K, committed 41280K, reserved 1114112K
  class space    used 5544K, committed 5760K, reserved 1048576K
}
Event: 773.970 GC heap before
{Heap before GC invocations=21 (full 0):
 garbage-first heap   total 270336K, used 206848K [0x0000000080000000, 0x0000000100000000)
  region size 1024K, 132 young (135168K), 12 survivors (12288K)
 Metaspace       used 42872K, committed 43392K, reserved 1114112K
  class space    used 5775K, committed 6016K, reserved 1048576K
}
Event: 774.015 GC heap after
{Heap after GC invocations=22 (full 0):
 garbage-first heap   total 270336K, used 98816K [0x0000000080000000, 0x0000000100000000)
  region size 1024K, 17 young (17408K), 17 survivors (17408K)
 Metaspace       used 42872K, committed 43392K, reserved 1114112K
  class space    used 5775K, committed 6016K, reserved 1048576K
}
Event: 791.765 GC heap before
{Heap before GC invocations=22 (full 0):
 garbage-first heap   total 270336K, used 217600K [0x0000000080000000, 0x0000000100000000)
  region size 1024K, 132 young (135168K), 17 survivors (17408K)
 Metaspace       used 44608K, committed 45120K, reserved 1114112K
  class space    used 6081K, committed 6272K, reserved 1048576K
}
Event: 791.818 GC heap after
{Heap after GC invocations=23 (full 0):
 garbage-first heap   total 270336K, used 119296K [0x0000000080000000, 0x0000000100000000)
  region size 1024K, 17 young (17408K), 17 survivors (17408K)
 Metaspace       used 44608K, committed 45120K, reserved 1114112K
  class space    used 6081K, committed 6272K, reserved 1048576K
}
Event: 844.073 GC heap before
{Heap before GC invocations=23 (full 0):
 garbage-first heap   total 270336K, used 237056K [0x0000000080000000, 0x0000000100000000)
  region size 1024K, 132 young (135168K), 17 survivors (17408K)
 Metaspace       used 45245K, committed 45696K, reserved 1114112K
  class space    used 6114K, committed 6336K, reserved 1048576K
}
Event: 844.106 GC heap after
{Heap after GC invocations=24 (full 0):
 garbage-first heap   total 270336K, used 121344K [0x0000000080000000, 0x0000000100000000)
  region size 1024K, 5 young (5120K), 5 survivors (5120K)
 Metaspace       used 45245K, committed 45696K, reserved 1114112K
  class space    used 6114K, committed 6336K, reserved 1048576K
}

Dll operation events (20 events):
Event: 6.036 Loaded shared library C:\Users\infinite\.openjfx\cache\21+31\amd64\api-ms-win-crt-multibyte-l1-1-0.dll
Event: 6.187 Loaded shared library C:\Users\infinite\.openjfx\cache\21+31\amd64\api-ms-win-crt-private-l1-1-0.dll
Event: 6.340 Loaded shared library C:\Users\infinite\.openjfx\cache\21+31\amd64\api-ms-win-crt-process-l1-1-0.dll
Event: 6.496 Loaded shared library C:\Users\infinite\.openjfx\cache\21+31\amd64\api-ms-win-crt-runtime-l1-1-0.dll
Event: 6.734 Loaded shared library C:\Users\infinite\.openjfx\cache\21+31\amd64\api-ms-win-crt-stdio-l1-1-0.dll
Event: 6.989 Loaded shared library C:\Users\infinite\.openjfx\cache\21+31\amd64\api-ms-win-crt-string-l1-1-0.dll
Event: 7.189 Loaded shared library C:\Users\infinite\.openjfx\cache\21+31\amd64\api-ms-win-crt-time-l1-1-0.dll
Event: 7.287 Loaded shared library C:\Users\infinite\.openjfx\cache\21+31\amd64\api-ms-win-crt-utility-l1-1-0.dll
Event: 7.640 Loaded shared library C:\Users\infinite\.openjfx\cache\21+31\amd64\ucrtbase.dll
Event: 7.807 Loaded shared library C:\Users\infinite\.openjfx\cache\21+31\amd64\vcruntime140.dll
Event: 7.972 Loaded shared library C:\Users\infinite\.openjfx\cache\21+31\amd64\vcruntime140_1.dll
Event: 8.190 Loaded shared library C:\Users\infinite\.openjfx\cache\21+31\amd64\msvcp140.dll
Event: 8.339 Loaded shared library C:\Users\infinite\.openjfx\cache\21+31\amd64\msvcp140_1.dll
Event: 10.605 Loaded shared library C:\Users\infinite\.openjfx\cache\21+31\amd64\msvcp140_2.dll
Event: 11.996 Loaded shared library C:\Users\infinite\.openjfx\cache\21+31\amd64\prism_d3d.dll
Event: 12.817 Loaded shared library C:\Users\infinite\.openjfx\cache\21+31\amd64\glass.dll
Event: 13.166 Loaded shared library C:\Program Files\BellSoft\LibericaJDK-21\bin\jimage.dll
Event: 14.273 Loaded shared library C:\Users\infinite\.openjfx\cache\21+31\amd64\javafx_font.dll
Event: 27.348 Loaded shared library C:\Program Files\BellSoft\LibericaJDK-21\bin\verify.dll
Event: 38.056 Loaded shared library C:\Program Files\BellSoft\LibericaJDK-21\bin\prefs.dll

Deoptimization events (20 events):
Event: 861.785 Thread 0x0000017d842d8de0 Uncommon trap: trap_request=0xffffffde fr.pc=0x0000017de731d4c4 relative=0x0000000000000344
Event: 861.785 Thread 0x0000017d842d8de0 Uncommon trap: reason=class_check action=maybe_recompile pc=0x0000017de731d4c4 method=com.sun.prism.impl.BaseGraphics.drawTexture(Lcom/sun/prism/Texture;FFFFFFFF)V @ 20 c2
Event: 861.785 Thread 0x0000017d842d8de0 DEOPT PACKING pc=0x0000017de731d4c4 sp=0x0000005529ffe460
Event: 861.785 Thread 0x0000017d842d8de0 DEOPT UNPACKING pc=0x0000017de66346a2 sp=0x0000005529ffe330 mode 2
Event: 861.785 Thread 0x0000017d842d8de0 Uncommon trap: trap_request=0xffffff45 fr.pc=0x0000017de72136bc relative=0x0000000000000c7c
Event: 861.785 Thread 0x0000017d842d8de0 Uncommon trap: reason=unstable_if action=reinterpret pc=0x0000017de72136bc method=com.sun.prism.impl.ps.BaseShaderContext.validateTextureOp(Lcom/sun/prism/impl/ps/BaseShaderGraphics;Lcom/sun/javafx/geom/transform/BaseTransform;Lcom/sun/prism/Texture;Lcom/
Event: 861.785 Thread 0x0000017d842d8de0 DEOPT PACKING pc=0x0000017de72136bc sp=0x0000005529ffe280
Event: 861.785 Thread 0x0000017d842d8de0 DEOPT UNPACKING pc=0x0000017de66346a2 sp=0x0000005529ffe258 mode 2
Event: 905.633 Thread 0x0000017d842d8de0 Uncommon trap: trap_request=0xffffff45 fr.pc=0x0000017de75a2e28 relative=0x0000000000000588
Event: 905.633 Thread 0x0000017d842d8de0 Uncommon trap: reason=unstable_if action=reinterpret pc=0x0000017de75a2e28 method=java.util.concurrent.locks.AbstractQueuedSynchronizer$ConditionNode.isReleasable()Z @ 14 c2
Event: 905.633 Thread 0x0000017d842d8de0 DEOPT PACKING pc=0x0000017de75a2e28 sp=0x0000005529fff3d0
Event: 905.633 Thread 0x0000017d842d8de0 DEOPT UNPACKING pc=0x0000017de66346a2 sp=0x0000005529fff1f8 mode 2
Event: 905.634 Thread 0x0000017d842d8de0 Uncommon trap: trap_request=0xffffff45 fr.pc=0x0000017de7318e8c relative=0x000000000000006c
Event: 905.634 Thread 0x0000017d842d8de0 Uncommon trap: reason=unstable_if action=reinterpret pc=0x0000017de7318e8c method=java.lang.Thread.getAndClearInterrupt()Z @ 6 c2
Event: 905.634 Thread 0x0000017d842d8de0 DEOPT PACKING pc=0x0000017de7318e8c sp=0x0000005529fff360
Event: 905.634 Thread 0x0000017d842d8de0 DEOPT UNPACKING pc=0x0000017de66346a2 sp=0x0000005529fff2f0 mode 2
Event: 905.637 Thread 0x0000017d842d8de0 Uncommon trap: trap_request=0xffffffde fr.pc=0x0000017de7246800 relative=0x00000000000007c0
Event: 905.637 Thread 0x0000017d842d8de0 Uncommon trap: reason=class_check action=maybe_recompile pc=0x0000017de7246800 method=java.util.AbstractCollection.toArray([Ljava/lang/Object;)[Ljava/lang/Object; @ 26 c2
Event: 905.637 Thread 0x0000017d842d8de0 DEOPT PACKING pc=0x0000017de7246800 sp=0x0000005529fff3a0
Event: 905.637 Thread 0x0000017d842d8de0 DEOPT UNPACKING pc=0x0000017de66346a2 sp=0x0000005529fff380 mode 2

Classes loaded (20 events):
Event: 785.519 Loading class sun/text/resources/JavaTimeSupplementary_en_US
Event: 785.519 Loading class sun/text/resources/JavaTimeSupplementary_en_US done
Event: 785.520 Loading class java/util/MissingResourceException
Event: 785.520 Loading class java/util/MissingResourceException done
Event: 785.520 Loading class sun/util/resources/ParallelListResourceBundle$KeySet
Event: 785.520 Loading class sun/util/resources/ParallelListResourceBundle$KeySet done
Event: 785.521 Loading class sun/util/locale/provider/CalendarDataUtility$CalendarFieldValueNameGetter
Event: 785.521 Loading class sun/util/locale/provider/CalendarDataUtility$CalendarFieldValueNameGetter done
Event: 843.953 Loading class java/time/format/FormatStyle
Event: 843.954 Loading class java/time/format/FormatStyle done
Event: 843.954 Loading class java/time/format/DateTimeFormatterBuilder$LocalizedPrinterParser
Event: 843.954 Loading class java/time/format/DateTimeFormatterBuilder$LocalizedPrinterParser done
Event: 843.956 Loading class sun/text/spi/JavaTimeDateTimePatternProvider
Event: 843.956 Loading class sun/text/spi/JavaTimeDateTimePatternProvider done
Event: 843.956 Loading class sun/util/locale/provider/JavaTimeDateTimePatternImpl
Event: 843.957 Loading class sun/util/locale/provider/JavaTimeDateTimePatternImpl done
Event: 843.958 Loading class java/time/LocalDate$1
Event: 843.958 Loading class java/time/LocalDate$1 done
Event: 843.959 Loading class java/time/format/DateTimeFormatterBuilder$2
Event: 843.959 Loading class java/time/format/DateTimeFormatterBuilder$2 done

Classes unloaded (0 events):
No events

Classes redefined (0 events):
No events

Internal exceptions (20 events):
Event: 814.238 Thread 0x0000017d8457a050 Exception <a 'java/lang/NoSuchMethodError'{0x000000008d5a5dd8}: 'java.lang.Object java.lang.invoke.DirectMethodHandle$Holder.newInvokeSpecial(java.lang.Object, java.lang.Object, int, int, int, int, int, java.lang.Object)'> (0x000000008d5a5dd8) 
thrown [s\src\hotspot\share\interpreter\linkResolver.cpp, line 773]
Event: 814.240 Thread 0x0000017d8457a050 Exception <a 'java/lang/NoSuchMethodError'{0x000000008d5b79e8}: 'java.lang.Object java.lang.invoke.DirectMethodHandle$Holder.newInvokeSpecial(java.lang.Object, java.lang.Object, java.lang.Object, int, int, int, int, int)'> (0x000000008d5b79e8) 
thrown [s\src\hotspot\share\interpreter\linkResolver.cpp, line 773]
Event: 814.241 Thread 0x0000017d8457a050 Exception <a 'java/lang/NoSuchMethodError'{0x000000008d5bed28}: 'java.lang.Object java.lang.invoke.Invokers$Holder.linkToTargetMethod(java.lang.Object, java.lang.Object, int, int, int, int, int, java.lang.Object)'> (0x000000008d5bed28) 
thrown [s\src\hotspot\share\interpreter\linkResolver.cpp, line 773]
Event: 814.967 Thread 0x0000017d8457a050 Implicit null exception at 0x0000017de7371f81 to 0x0000017de7379248
Event: 814.967 Thread 0x0000017d8457a050 Implicit null exception at 0x0000017de70a3cd0 to 0x0000017de70a41bc
Event: 814.967 Thread 0x0000017d8457a050 Implicit null exception at 0x0000017de73837bb to 0x0000017de7385040
Event: 814.969 Thread 0x0000017d8457a050 Implicit null exception at 0x0000017de7052a87 to 0x0000017de7052b88
Event: 814.969 Thread 0x0000017d8457a050 Implicit null exception at 0x0000017de6fe8e07 to 0x0000017de6fe8f08
Event: 832.775 Thread 0x0000017d8457a050 Implicit null exception at 0x0000017de7287c5e to 0x0000017de7288a24
Event: 844.115 Thread 0x0000017d842d8de0 Implicit null exception at 0x0000017de74ba65a to 0x0000017de74ba820
Event: 844.116 Thread 0x0000017d842d8de0 Implicit null exception at 0x0000017de714e23a to 0x0000017de714e2cc
Event: 844.116 Thread 0x0000017d842d8de0 Implicit null exception at 0x0000017de71505e9 to 0x0000017de7150674
Event: 851.596 Thread 0x0000017d8457a050 Implicit null exception at 0x0000017de7218f7e to 0x0000017de721bac0
Event: 853.187 Thread 0x0000017d8457a050 Exception <a 'java/io/FileNotFoundException'{0x000000008dbb6508}> (0x000000008dbb6508) 
thrown [s\src\hotspot\share\prims\jni.cpp, line 520]
Event: 855.609 Thread 0x0000017d8457a050 Exception <a 'sun/nio/fs/WindowsException'{0x000000008d5bd5e8}> (0x000000008d5bd5e8) 
thrown [s\src\hotspot\share\prims\jni.cpp, line 520]
Event: 855.611 Thread 0x0000017d8457a050 Exception <a 'sun/nio/fs/WindowsException'{0x000000008d5c0350}> (0x000000008d5c0350) 
thrown [s\src\hotspot\share\prims\jni.cpp, line 520]
Event: 861.208 Thread 0x0000017d8457a050 Exception <a 'sun/nio/fs/WindowsException'{0x000000008c150bd8}> (0x000000008c150bd8) 
thrown [s\src\hotspot\share\prims\jni.cpp, line 520]
Event: 861.208 Thread 0x0000017d8457a050 Exception <a 'sun/nio/fs/WindowsException'{0x000000008c1538f8}> (0x000000008c1538f8) 
thrown [s\src\hotspot\share\prims\jni.cpp, line 520]
Event: 861.208 Thread 0x0000017d8457a050 Exception <a 'sun/nio/fs/WindowsException'{0x000000008c156610}> (0x000000008c156610) 
thrown [s\src\hotspot\share\prims\jni.cpp, line 520]
Event: 861.774 Thread 0x0000017d8457a050 Exception <a 'java/io/FileNotFoundException'{0x000000008b4a9590}> (0x000000008b4a9590) 
thrown [s\src\hotspot\share\prims\jni.cpp, line 520]

ZGC Phase Switch (0 events):
No events

VM Operations (20 events):
Event: 860.112 Executing VM operation: Cleanup done
Event: 861.113 Executing VM operation: Cleanup
Event: 861.113 Executing VM operation: Cleanup done
Event: 862.114 Executing VM operation: Cleanup
Event: 862.114 Executing VM operation: Cleanup done
Event: 863.114 Executing VM operation: Cleanup
Event: 863.114 Executing VM operation: Cleanup done
Event: 870.118 Executing VM operation: Cleanup
Event: 870.118 Executing VM operation: Cleanup done
Event: 887.125 Executing VM operation: Cleanup
Event: 887.125 Executing VM operation: Cleanup done
Event: 888.126 Executing VM operation: Cleanup
Event: 888.126 Executing VM operation: Cleanup done
Event: 902.070 Executing VM operation: HandshakeAllThreads (HandshakeForDeflation)
Event: 902.070 Executing VM operation: HandshakeAllThreads (HandshakeForDeflation) done
Event: 902.070 Executing VM operation: RendezvousGCThreads
Event: 902.070 Executing VM operation: RendezvousGCThreads done
Event: 906.085 Executing VM operation: Cleanup
Event: 906.085 Executing VM operation: Cleanup done
Event: 907.390 Executing VM operation: Exit

Events (20 events):
Event: 43.248 Thread 0x0000017d8402f080 flushing nmethod 0x0000017de6b85710
Event: 43.248 Thread 0x0000017d8402f080 flushing nmethod 0x0000017de6b7d090
Event: 43.248 Thread 0x0000017d8402f080 flushing nmethod 0x0000017de6b7b790
Event: 43.248 Thread 0x0000017d8402f080 flushing nmethod 0x0000017de6b7b210
Event: 43.248 Thread 0x0000017d8402f080 flushing nmethod 0x0000017de6b74290
Event: 46.106 Thread 0x0000017d89967a30 Thread added: 0x0000017d89967a30
Event: 71.953 Thread 0x0000017d8a054bc0 Thread exited: 0x0000017d8a054bc0
Event: 95.156 Thread 0x0000017d89965ff0 Thread exited: 0x0000017d89965ff0
Event: 101.968 Thread 0x0000017d8a054530 Thread exited: 0x0000017d8a054530
Event: 131.974 Thread 0x0000017d8a055250 Thread exited: 0x0000017d8a055250
Event: 155.159 Thread 0x0000017d89963f20 Thread exited: 0x0000017d89963f20
Event: 161.987 Thread 0x0000017d8a053ea0 Thread exited: 0x0000017d8a053ea0
Event: 215.167 Thread 0x0000017d89963890 Thread exited: 0x0000017d89963890
Event: 905.611 Thread 0x0000017d89968de0 Thread added: 0x0000017d89968de0
Event: 905.611 Thread 0x0000017d89961e50 Thread added: 0x0000017d89961e50
Event: 905.611 Thread 0x0000017d8432ab50 Thread added: 0x0000017d8432ab50
Event: 905.634 Thread 0x0000017d8432ab50 Thread exited: 0x0000017d8432ab50
Event: 905.636 Thread 0x0000017d89968de0 Thread exited: 0x0000017d89968de0
Event: 905.657 Thread 0x0000017d842d8de0 Thread exited: 0x0000017d842d8de0
Event: 907.390 Thread 0x0000017d89961e50 Thread exited: 0x0000017d89961e50


Dynamic libraries:
0x00007ff7bbbc0000 - 0x00007ff7bbbce000 	C:\Program Files\BellSoft\LibericaJDK-21\bin\java.exe
0x00007ffb6b250000 - 0x00007ffb6b467000 	C:\WINDOWS\SYSTEM32\ntdll.dll
0x00007ffb69c40000 - 0x00007ffb69d04000 	C:\WINDOWS\System32\KERNEL32.DLL
0x00007ffb68650000 - 0x00007ffb689f5000 	C:\WINDOWS\System32\KERNELBASE.dll
0x00007ffb68d60000 - 0x00007ffb68e71000 	C:\WINDOWS\System32\ucrtbase.dll
0x00007ffb4d570000 - 0x00007ffb4d588000 	C:\Program Files\BellSoft\LibericaJDK-21\bin\jli.dll
0x00007ffb6b060000 - 0x00007ffb6b20e000 	C:\WINDOWS\System32\USER32.dll
0x00007ffb68aa0000 - 0x00007ffb68ac6000 	C:\WINDOWS\System32\win32u.dll
0x00007ffb69530000 - 0x00007ffb69559000 	C:\WINDOWS\System32\GDI32.dll
0x00007ffb41d00000 - 0x00007ffb41d1b000 	C:\Program Files\BellSoft\LibericaJDK-21\bin\VCRUNTIME140.dll
0x00007ffb68ad0000 - 0x00007ffb68be8000 	C:\WINDOWS\System32\gdi32full.dll
0x00007ffb68a00000 - 0x00007ffb68a9a000 	C:\WINDOWS\System32\msvcp_win.dll
0x00007ffb58050000 - 0x00007ffb582e3000 	C:\WINDOWS\WinSxS\amd64_microsoft.windows.common-controls_6595b64144ccf1df_6.0.23570.1000_none_ec17f990fda47c48\COMCTL32.dll
0x00007ffb6a290000 - 0x00007ffb6a337000 	C:\WINDOWS\System32\msvcrt.dll
0x00007ffb69ac0000 - 0x00007ffb69af1000 	C:\WINDOWS\System32\IMM32.DLL
0x00007ffb62800000 - 0x00007ffb6280c000 	C:\Program Files\BellSoft\LibericaJDK-21\bin\vcruntime140_1.dll
0x00007ffae21f0000 - 0x00007ffae227e000 	C:\Program Files\BellSoft\LibericaJDK-21\bin\msvcp140.dll
0x00007ffad60c0000 - 0x00007ffad6e5d000 	C:\Program Files\BellSoft\LibericaJDK-21\bin\server\jvm.dll
0x00007ffb69b90000 - 0x00007ffb69c40000 	C:\WINDOWS\System32\ADVAPI32.dll
0x00007ffb6ace0000 - 0x00007ffb6ad86000 	C:\WINDOWS\System32\sechost.dll
0x00007ffb698f0000 - 0x00007ffb69a07000 	C:\WINDOWS\System32\RPCRT4.dll
0x00007ffb691d0000 - 0x00007ffb69241000 	C:\WINDOWS\System32\WS2_32.dll
0x00007ffb67470000 - 0x00007ffb674bd000 	C:\WINDOWS\SYSTEM32\POWRPROF.dll
0x00007ffb61860000 - 0x00007ffb61894000 	C:\WINDOWS\SYSTEM32\WINMM.dll
0x00007ffb66160000 - 0x00007ffb6616a000 	C:\WINDOWS\SYSTEM32\VERSION.dll
0x00007ffb67450000 - 0x00007ffb67463000 	C:\WINDOWS\SYSTEM32\UMPDC.dll
0x00007ffb676a0000 - 0x00007ffb676b8000 	C:\WINDOWS\SYSTEM32\kernel.appcore.dll
0x00007ffb60d50000 - 0x00007ffb60d5a000 	C:\Program Files\BellSoft\LibericaJDK-21\bin\jimage.dll
0x00007ffb50530000 - 0x00007ffb5075e000 	C:\WINDOWS\SYSTEM32\DBGHELP.DLL
0x00007ffb69560000 - 0x00007ffb698ea000 	C:\WINDOWS\System32\combase.dll
0x00007ffb6a3a0000 - 0x00007ffb6a477000 	C:\WINDOWS\System32\OLEAUT32.dll
0x00007ffb504f0000 - 0x00007ffb50522000 	C:\WINDOWS\SYSTEM32\dbgcore.DLL
0x00007ffb685d0000 - 0x00007ffb6864a000 	C:\WINDOWS\System32\bcryptPrimitives.dll
0x00007ffb3d8e0000 - 0x00007ffb3d8ff000 	C:\Program Files\BellSoft\LibericaJDK-21\bin\java.dll
0x00007ffb6a480000 - 0x00007ffb6acd6000 	C:\WINDOWS\System32\SHELL32.dll
0x00007ffb66510000 - 0x00007ffb66e20000 	C:\WINDOWS\SYSTEM32\windows.storage.dll
0x00007ffb663d0000 - 0x00007ffb6650e000 	C:\WINDOWS\SYSTEM32\wintypes.dll
0x00007ffb69290000 - 0x00007ffb69383000 	C:\WINDOWS\System32\SHCORE.dll
0x00007ffb69b30000 - 0x00007ffb69b8e000 	C:\WINDOWS\System32\shlwapi.dll
0x00007ffb68500000 - 0x00007ffb68526000 	C:\WINDOWS\SYSTEM32\profapi.dll
0x00007ffae1b00000 - 0x00007ffae1bd7000 	C:\Program Files\BellSoft\LibericaJDK-21\bin\jsvml.dll
0x00007ffb65eb0000 - 0x00007ffb65ec0000 	C:\Program Files\BellSoft\LibericaJDK-21\bin\net.dll
0x00007ffb60570000 - 0x00007ffb606a7000 	C:\WINDOWS\SYSTEM32\WINHTTP.dll
0x00007ffb67b80000 - 0x00007ffb67be9000 	C:\WINDOWS\system32\mswsock.dll
0x00007ffb62940000 - 0x00007ffb62956000 	C:\Program Files\BellSoft\LibericaJDK-21\bin\nio.dll
0x00007ffb65ec0000 - 0x00007ffb65ed8000 	C:\Program Files\BellSoft\LibericaJDK-21\bin\zip.dll
0x0000017d84d10000 - 0x0000017d84d13000 	C:\Users\infinite\.openjfx\cache\21+31\amd64\api-ms-win-core-console-l1-1-0.dll
0x0000017d84d20000 - 0x0000017d84d23000 	C:\Users\infinite\.openjfx\cache\21+31\amd64\api-ms-win-core-console-l1-2-0.dll
0x0000017d84d30000 - 0x0000017d84d33000 	C:\Users\infinite\.openjfx\cache\21+31\amd64\api-ms-win-core-datetime-l1-1-0.dll
0x0000017d84d40000 - 0x0000017d84d43000 	C:\Users\infinite\.openjfx\cache\21+31\amd64\api-ms-win-core-debug-l1-1-0.dll
0x0000017d84d50000 - 0x0000017d84d53000 	C:\Users\infinite\.openjfx\cache\21+31\amd64\api-ms-win-core-errorhandling-l1-1-0.dll
0x0000017d84d60000 - 0x0000017d84d64000 	C:\Users\infinite\.openjfx\cache\21+31\amd64\api-ms-win-core-file-l1-1-0.dll
0x0000017d84d70000 - 0x0000017d84d73000 	C:\Users\infinite\.openjfx\cache\21+31\amd64\api-ms-win-core-file-l1-2-0.dll
0x0000017d84d80000 - 0x0000017d84d83000 	C:\Users\infinite\.openjfx\cache\21+31\amd64\api-ms-win-core-file-l2-1-0.dll
0x0000017d84d90000 - 0x0000017d84d93000 	C:\Users\infinite\.openjfx\cache\21+31\amd64\api-ms-win-core-handle-l1-1-0.dll
0x0000017d84da0000 - 0x0000017d84da3000 	C:\Users\infinite\.openjfx\cache\21+31\amd64\api-ms-win-core-heap-l1-1-0.dll
0x0000017d84db0000 - 0x0000017d84db3000 	C:\Users\infinite\.openjfx\cache\21+31\amd64\api-ms-win-core-interlocked-l1-1-0.dll
0x0000017d84dc0000 - 0x0000017d84dc3000 	C:\Users\infinite\.openjfx\cache\21+31\amd64\api-ms-win-core-libraryloader-l1-1-0.dll
0x0000017d84dd0000 - 0x0000017d84dd3000 	C:\Users\infinite\.openjfx\cache\21+31\amd64\api-ms-win-core-localization-l1-2-0.dll
0x0000017d84de0000 - 0x0000017d84de3000 	C:\Users\infinite\.openjfx\cache\21+31\amd64\api-ms-win-core-memory-l1-1-0.dll
0x0000017d84df0000 - 0x0000017d84df3000 	C:\Users\infinite\.openjfx\cache\21+31\amd64\api-ms-win-core-namedpipe-l1-1-0.dll
0x0000017d84e00000 - 0x0000017d84e03000 	C:\Users\infinite\.openjfx\cache\21+31\amd64\api-ms-win-core-processenvironment-l1-1-0.dll
0x0000017d84e10000 - 0x0000017d84e13000 	C:\Users\infinite\.openjfx\cache\21+31\amd64\api-ms-win-core-processthreads-l1-1-0.dll
0x0000017d84e20000 - 0x0000017d84e23000 	C:\Users\infinite\.openjfx\cache\21+31\amd64\api-ms-win-core-processthreads-l1-1-1.dll
0x0000017d84e30000 - 0x0000017d84e33000 	C:\Users\infinite\.openjfx\cache\21+31\amd64\api-ms-win-core-profile-l1-1-0.dll
0x0000017d84e40000 - 0x0000017d84e43000 	C:\Users\infinite\.openjfx\cache\21+31\amd64\api-ms-win-core-rtlsupport-l1-1-0.dll
0x0000017d84e50000 - 0x0000017d84e53000 	C:\Users\infinite\.openjfx\cache\21+31\amd64\api-ms-win-core-string-l1-1-0.dll
0x0000017d84e60000 - 0x0000017d84e63000 	C:\Users\infinite\.openjfx\cache\21+31\amd64\api-ms-win-core-synch-l1-1-0.dll
0x0000017d84e70000 - 0x0000017d84e73000 	C:\Users\infinite\.openjfx\cache\21+31\amd64\api-ms-win-core-synch-l1-2-0.dll
0x0000017d84e80000 - 0x0000017d84e83000 	C:\Users\infinite\.openjfx\cache\21+31\amd64\api-ms-win-core-sysinfo-l1-1-0.dll
0x0000017d84e90000 - 0x0000017d84e93000 	C:\Users\infinite\.openjfx\cache\21+31\amd64\api-ms-win-core-timezone-l1-1-0.dll
0x0000017d84ea0000 - 0x0000017d84ea3000 	C:\Users\infinite\.openjfx\cache\21+31\amd64\api-ms-win-core-util-l1-1-0.dll
0x0000017d84eb0000 - 0x0000017d84eb3000 	C:\Users\infinite\.openjfx\cache\21+31\amd64\api-ms-win-crt-conio-l1-1-0.dll
0x0000017d84ec0000 - 0x0000017d84ec4000 	C:\Users\infinite\.openjfx\cache\21+31\amd64\api-ms-win-crt-convert-l1-1-0.dll
0x0000017d84ed0000 - 0x0000017d84ed3000 	C:\Users\infinite\.openjfx\cache\21+31\amd64\api-ms-win-crt-environment-l1-1-0.dll
0x0000017d84ee0000 - 0x0000017d84ee3000 	C:\Users\infinite\.openjfx\cache\21+31\amd64\api-ms-win-crt-filesystem-l1-1-0.dll
0x0000017d84ef0000 - 0x0000017d84ef3000 	C:\Users\infinite\.openjfx\cache\21+31\amd64\api-ms-win-crt-heap-l1-1-0.dll
0x0000017d84f00000 - 0x0000017d84f03000 	C:\Users\infinite\.openjfx\cache\21+31\amd64\api-ms-win-crt-locale-l1-1-0.dll
0x0000017d84f10000 - 0x0000017d84f15000 	C:\Users\infinite\.openjfx\cache\21+31\amd64\api-ms-win-crt-math-l1-1-0.dll
0x0000017d84f20000 - 0x0000017d84f25000 	C:\Users\infinite\.openjfx\cache\21+31\amd64\api-ms-win-crt-multibyte-l1-1-0.dll
0x0000017d84f30000 - 0x0000017d84f40000 	C:\Users\infinite\.openjfx\cache\21+31\amd64\api-ms-win-crt-private-l1-1-0.dll
0x0000017d84f40000 - 0x0000017d84f43000 	C:\Users\infinite\.openjfx\cache\21+31\amd64\api-ms-win-crt-process-l1-1-0.dll
0x0000017d84f50000 - 0x0000017d84f54000 	C:\Users\infinite\.openjfx\cache\21+31\amd64\api-ms-win-crt-runtime-l1-1-0.dll
0x0000017d84f60000 - 0x0000017d84f64000 	C:\Users\infinite\.openjfx\cache\21+31\amd64\api-ms-win-crt-stdio-l1-1-0.dll
0x0000017d84f70000 - 0x0000017d84f74000 	C:\Users\infinite\.openjfx\cache\21+31\amd64\api-ms-win-crt-string-l1-1-0.dll
0x0000017d84f80000 - 0x0000017d84f83000 	C:\Users\infinite\.openjfx\cache\21+31\amd64\api-ms-win-crt-time-l1-1-0.dll
0x0000017d84f90000 - 0x0000017d84f93000 	C:\Users\infinite\.openjfx\cache\21+31\amd64\api-ms-win-crt-utility-l1-1-0.dll
0x00007ffb069f0000 - 0x00007ffb06aec000 	C:\Users\infinite\.openjfx\cache\21+31\amd64\ucrtbase.dll
0x00007ffb57900000 - 0x00007ffb5791b000 	C:\Users\infinite\.openjfx\cache\21+31\amd64\vcruntime140.dll
0x00007ffb41d50000 - 0x00007ffb41d5c000 	C:\Users\infinite\.openjfx\cache\21+31\amd64\vcruntime140_1.dll
0x00007ffb1f880000 - 0x00007ffb1f90e000 	C:\Users\infinite\.openjfx\cache\21+31\amd64\msvcp140.dll
0x00007ffb68fb0000 - 0x00007ffb6914f000 	C:\WINDOWS\System32\ole32.dll
0x00007ffb41d40000 - 0x00007ffb41d49000 	C:\Users\infinite\.openjfx\cache\21+31\amd64\msvcp140_1.dll
0x00007ffb3d920000 - 0x00007ffb3d94f000 	C:\Users\infinite\.openjfx\cache\21+31\amd64\msvcp140_2.dll
0x00007ffb3d430000 - 0x00007ffb3d45f000 	C:\Users\infinite\.openjfx\cache\21+31\amd64\prism_d3d.dll
0x00007ffad8550000 - 0x00007ffad86f9000 	C:\WINDOWS\system32\d3d9.dll
0x00007ffb65910000 - 0x00007ffb6593b000 	C:\WINDOWS\SYSTEM32\dwmapi.dll
0x00007ffb65980000 - 0x00007ffb659b8000 	C:\WINDOWS\SYSTEM32\dxcore.dll
0x00007ffb65690000 - 0x00007ffb6573b000 	C:\WINDOWS\system32\uxtheme.dll
0x00007ffb69d10000 - 0x00007ffb6a184000 	C:\WINDOWS\System32\SETUPAPI.dll
0x00007ffb62330000 - 0x00007ffb6237a000 	C:\WINDOWS\SYSTEM32\directxdatabasehelper.dll
0x00007ffb217a0000 - 0x00007ffb217e2000 	C:\Users\infinite\.openjfx\cache\21+31\amd64\glass.dll
0x00007ffb6a190000 - 0x00007ffb6a28a000 	C:\WINDOWS\System32\COMDLG32.dll
0x00007ffb69390000 - 0x00007ffb694d8000 	C:\WINDOWS\System32\MSCTF.dll
0x00007ffb41d20000 - 0x00007ffb41d34000 	C:\Users\infinite\.openjfx\cache\21+31\amd64\javafx_font.dll
0x00007ffb64770000 - 0x00007ffb649e3000 	C:\WINDOWS\SYSTEM32\dwrite.dll
0x00007ffb69a10000 - 0x00007ffb69ac0000 	C:\WINDOWS\System32\clbcatq.dll
0x00007ffb63c10000 - 0x00007ffb63dc0000 	C:\WINDOWS\SYSTEM32\WindowsCodecs.dll
0x00007ffb433d0000 - 0x00007ffb4342e000 	C:\WINDOWS\system32\dataexchange.dll
0x00007ffb60200000 - 0x00007ffb6048a000 	C:\WINDOWS\system32\twinapi.appcore.dll
0x00007ffb3d3f0000 - 0x00007ffb3d422000 	C:\Program Files\Common Files\Microsoft Shared\Ink\rtscom.dll
0x00007ffb67dd0000 - 0x00007ffb67deb000 	C:\WINDOWS\SYSTEM32\CRYPTSP.dll
0x00007ffb67660000 - 0x00007ffb67695000 	C:\WINDOWS\system32\rsaenh.dll
0x00007ffb67c70000 - 0x00007ffb67c9c000 	C:\WINDOWS\SYSTEM32\USERENV.dll
0x00007ffb67f90000 - 0x00007ffb67fb8000 	C:\WINDOWS\SYSTEM32\bcrypt.dll
0x00007ffb67df0000 - 0x00007ffb67dfc000 	C:\WINDOWS\SYSTEM32\CRYPTBASE.dll
0x00007ffb670f0000 - 0x00007ffb6711d000 	C:\WINDOWS\SYSTEM32\IPHLPAPI.DLL
0x00007ffb691c0000 - 0x00007ffb691c9000 	C:\WINDOWS\System32\NSI.dll
0x00007ffb58eb0000 - 0x00007ffb59005000 	C:\WINDOWS\SYSTEM32\textinputframework.dll
0x00007ffb65ea0000 - 0x00007ffb65eb0000 	C:\Program Files\BellSoft\LibericaJDK-21\bin\verify.dll
0x00007ffb3d910000 - 0x00007ffb3d919000 	C:\Program Files\BellSoft\LibericaJDK-21\bin\prefs.dll
0x00007ffb64180000 - 0x00007ffb6476e000 	C:\WINDOWS\SYSTEM32\d2d1.dll
0x00007ffb63f20000 - 0x00007ffb64177000 	C:\WINDOWS\SYSTEM32\d3d11.dll
0x00007ffb65800000 - 0x00007ffb658f8000 	C:\WINDOWS\SYSTEM32\dxgi.dll
0x00007ffb60d80000 - 0x00007ffb61491000 	C:\WINDOWS\SYSTEM32\D3D10Warp.dll
0x00007ffb651a0000 - 0x00007ffb652d3000 	C:\WINDOWS\SYSTEM32\CoreMessaging.dll
0x00007ffb618a0000 - 0x00007ffb61c0c000 	C:\WINDOWS\SYSTEM32\CoreUIComponents.dll
0x00007ffae24b0000 - 0x00007ffae266c000 	C:\WINDOWS\SYSTEM32\DUI70.dll

dbghelp: loaded successfully - version: 4.0.5 - missing functions: none
symbol engine: initialized successfully - sym options: 0x614 - pdb path: .;C:\Program Files\BellSoft\LibericaJDK-21\bin;C:\WINDOWS\SYSTEM32;C:\WINDOWS\WinSxS\amd64_microsoft.windows.common-controls_6595b64144ccf1df_6.0.23570.1000_none_ec17f990fda47c48;C:\Program Files\BellSoft\LibericaJDK-21\bin\server;C:\Users\infinite\.openjfx\cache\21+31\amd64;C:\Program Files\Common Files\Microsoft Shared\Ink;C:\WINDOWS\WinSxS\amd64_microsoft.windows.gdiplus_6595b64144ccf1df_1.1.23570.1000_none_1d02ec765836f616;C:\Users\infinite\AppData\Local\Microsoft\OneDrive\23.211.1010.0001

VM Arguments:
jvm_args: -Djbr.catch.SIGABRT=true -Djdk.attach.allowAttachSelf=true -Djdk.gtk.version=3 -Dsun.io.useCanonCaches=false --module-path=C:\Users\infinite\IdeaProjects\spoty\build\libs\spoty-1.0.0.jar;C:\Users\infinite\.gradle\caches\modules-2\files-2.1\org.xerial\sqlite-jdbc\3.43.2.1\81754f1e5dd36ca0218a465d4679ced5f5c4b89e\sqlite-jdbc-3.43.2.1.jar;C:\Users\infinite\.gradle\caches\modules-2\files-2.1\com.j256.ormlite\ormlite-jdbc\6.1\ef6752d1bb9d7443ccd24b2be7c72a42cfe00f98\ormlite-jdbc-6.1.jar;C:\Users\infinite\.gradle\caches\modules-2\files-2.1\org.jetbrains\annotations\24.0.1\13c5c75c4206580aa4d683bffee658caae6c9f43\annotations-24.0.1.jar;C:\Users\infinite\.gradle\caches\modules-2\files-2.1\io.github.palexdev\materialfx\11.16.1\e139f860fccc670a3533d56a494958472ac298e4\materialfx-11.16.1.jar;C:\Users\infinite\.gradle\caches\modules-2\files-2.1\org.kordamp.ikonli\ikonli-javafx\12.3.1\6df78c8f23f4509f88b8e05c32da64b7dc494356\ikonli-javafx-12.3.1.jar;C:\Users\infinite\.gradle\caches\modules-2\files-2.1\org.kordamp.ikonli\ikonli-fontawesome5-pack\12.3.1\ff0d7435a58fb4262abea6f586d4305aa2c1a3ac\ikonli-fontawesome5-pack-12.3.1.jar;C:\Users\infinite\.gradle\caches\modules-2\files-2.1\org.kordamp.ikonli\ikonli-core\12.3.1\50c5658c1a5aeeec30320c6be71274d01f5fb869\ikonli-core-12.3.1.jar;C:\Users\infinite\.gradle\caches\modules-2\files-2.1\jakarta.persistence\jakarta.persistence-api\3.1.0\66901fa1c373c6aff65c13791cc11da72060a8d6\jakarta.persistence-api-3.1.0.jar;C:\Users\infinite\.gradle\caches\modules-2\files-2.1\jakarta.enterprise\jakarta.enterprise.cdi-api\4.0.1\2012f388c6de83e29101cbf82c3ed2bd37931c64\jakarta.enterprise.cdi-api-4.0.1.jar;C:\Users\infinite\.gradle\caches\modules-2\files-2.1\fr.brouillard.oss\cssfx\11.5.1\6436a846013e688b5016bd7a9b1aea616b4a4adb\cssfx-11.5.1.jar;C:\Users\infinite\.gradle\caches\modules-2\files-2.1\io.github.palexdev\mfxcomponents\11.24.1\bd3813d17cec1832d3ac5bcd0a8f4e21e794fbaa\mfxcomponents-11.24.1.jar;C:\Users\infinite\.gradle\caches\modules-2\files-2.1\io.github.palexdev\virtualizedfx\11.9.6\981a0bb21718d6891e848bc2c9f46def1f9744fb\virtualizedfx-11.9.6.ja--patch-module=org.infinite.spoty=C:\Users\infinite\IdeaProjects\spoty\build\resources\main -XX:NewRatio=1 -XX:ReservedCodeCacheSize=512m -XX:+UseG1GC -XX:SoftRefLRUPolicyMSPerMB=50 -XX:CICompilerCount=2 -XX:+HeapDumpOnOutOfMemoryError -XX:ErrorFile=/home/infinite-dev/IdeaProjects/spoty/error%p.log -Xms256m -Xmx2G -Dfile.encoding=windows-1252 -Duser.country=US -Duser.language=en -Duser.variant -Djdk.module.main=org.infinite.spoty 
java_command: org.infinite.spoty/org.infinite.spoty.Main
java_class_path (initial): <not set>
Launcher Type: SUN_STANDARD

[Global flags]
     intx CICompilerCount                          = 2                                         {product} {command line}
     uint ConcGCThreads                            = 1                                         {product} {ergonomic}
    ccstr ErrorFile                                = /home/infinite-dev/IdeaProjects/spoty/error%p.log            {product} {command line}
     uint G1ConcRefinementThreads                  = 4                                         {product} {ergonomic}
   size_t G1HeapRegionSize                         = 1048576                                   {product} {ergonomic}
    uintx GCDrainStackTargetSize                   = 64                                        {product} {ergonomic}
     bool HeapDumpOnOutOfMemoryError               = true                                   {manageable} {command line}
   size_t InitialHeapSize                          = 268435456                                 {product} {command line}
   size_t MarkStackSize                            = 4194304                                   {product} {ergonomic}
   size_t MaxHeapSize                              = 2147483648                                {product} {command line}
   size_t MaxNewSize                               = 1073741824                                {product} {ergonomic}
   size_t MinHeapDeltaBytes                        = 1048576                                   {product} {ergonomic}
   size_t MinHeapSize                              = 268435456                                 {product} {command line}
    uintx NewRatio                                 = 1                                         {product} {command line}
    uintx NonNMethodCodeHeapSize                   = 5826188                                {pd product} {ergonomic}
    uintx NonProfiledCodeHeapSize                  = 265522362                              {pd product} {ergonomic}
    uintx ProfiledCodeHeapSize                     = 265522362                              {pd product} {ergonomic}
    uintx ReservedCodeCacheSize                    = 536870912                              {pd product} {command line}
     bool SegmentedCodeCache                       = true                                      {product} {ergonomic}
   size_t SoftMaxHeapSize                          = 2147483648                             {manageable} {ergonomic}
     intx SoftRefLRUPolicyMSPerMB                  = 50                                        {product} {command line}
     bool UseCompressedOops                        = true                           {product lp64_product} {ergonomic}
     bool UseG1GC                                  = true                                      {product} {command line}
     bool UseLargePagesIndividualAllocation        = false                                  {pd product} {ergonomic}

Logging:
Log output configuration:
 #0: stdout all=off uptime,level,tags foldmultilines=false
 #1: stderr all=off uptime,level,tags foldmultilines=false

Environment Variables:
JAVA_HOME=C:\Program Files\BellSoft\LibericaJDK-17\
PATH=C:\WINDOWS\system32;C:\WINDOWS;C:\WINDOWS\System32\Wbem;C:\WINDOWS\System32\WindowsPowerShell\v1.0\;C:\WINDOWS\System32\OpenSSH\;C:\Program Files\BellSoft\LibericaJDK-17\\bin;C:\Program Files (x86)\WiX Toolset v3.11\bin;C:\Program Files\PuTTY\;C:\development\flutter\bin;C:\Program Files\Git\bin;C:\Users\infinite\AppData\Local\Pub\Cache\bin;C:\Users\infinite\AppData\Roaming\nvm;C:\Program Files\nodejs;C:\Users\infinite\AppData\Roaming\nvm\v21.0.0;C:\Users\infinite\AppData\Roaming\nvm\v21.0.0\node_modules;C:\Users\infinite\AppData\Local\Microsoft\WindowsApps;C:\Users\infinite\AppData\Local\Pub\Cache\bin;C:\Users\infinite\AppData\Local\Programs\Microsoft VS Code\bin;C:\Users\infinite\AppData\Roaming\nvm;C:\Program Files\nodejs
USERNAME=infinite
OS=Windows_NT
PROCESSOR_IDENTIFIER=Intel64 Family 6 Model 69 Stepping 1, GenuineIntel
TMP=C:\Users\infinite\AppData\Local\Temp
TEMP=C:\Users\infinite\AppData\Local\Temp




Periodic native trim disabled

---------------  S Y S T E M  ---------------

OS:
 Windows 11 , 64 bit Build 23570 (10.0.23570.1000)
OS uptime: 0 days 3:01 hours

CPU: total 4 (initial active 4) (2 cores per cpu, 2 threads per core) family 6 model 69 stepping 1 microcode 0x26, cx8, cmov, fxsr, ht, mmx, sse, sse2, sse3, ssse3, sse4.1, sse4.2, popcnt, lzcnt, tsc, tscinvbit, avx, avx2, aes, erms, clmul, bmi1, bmi2, fma, vzeroupper, clflush, rdtscp, f16c
Processor Information for all 4 processors :
  Max Mhz: 2401, Current Mhz: 2401, Mhz Limit: 2401

Memory: 4k page, system-wide physical 16307M (2934M free)
TotalPageFile size 18739M (AvailPageFile size 3102M)
current process WorkingSet (physical memory assigned to process): 585M, peak: 627M
current process commit charge ("private bytes"): 607M, peak: 658M

vm_info: OpenJDK 64-Bit Server VM (21.0.1+12-LTS) for windows-amd64 JRE (21.0.1+12-LTS), built on 2023-10-16T13:32:28Z by "hudson" with MS VC++ 17.1 (VS2022)

END.
